#! /usr/bin/vvp
:ivl_version "10.3 (stable)" "(v10_3)";
:ivl_delay_selection "TYPICAL";
:vpi_time_precision + 0;
:vpi_module "system";
:vpi_module "vhdl_sys";
:vpi_module "v2005_math";
:vpi_module "va_math";
S_0x56062afb5a30 .scope module, "TestBench" "TestBench" 2 3;
 .timescale 0 0;
v0x56062b037910_0 .var "Clk", 0 0;
v0x56062b0379b0_0 .var "Start", 0 0;
v0x56062b037a70_0 .var/i "counter", 31 0;
v0x56062b037b10_0 .var/i "flush", 31 0;
v0x56062b037bf0_0 .var/i "i", 31 0;
v0x56062b037d20_0 .var/i "outfile", 31 0;
v0x56062b037e00_0 .var/i "stall", 31 0;
S_0x56062afd06f0 .scope module, "CPU" "CPU" 2 12, 3 23 0, S_0x56062afb5a30;
 .timescale 0 0;
    .port_info 0 /INPUT 1 "clk_i"
    .port_info 1 /INPUT 1 "start_i"
P_0x56062af8a2d0 .param/l "instr_length" 0 3 33, C4<00000000000000000000000000000100>;
v0x56062b034060_0 .net "ALUCtrl", 2 0, L_0x56062b0522b0;  1 drivers
o0x7f00404eb678 .functor BUFZ 2, C4<zz>; HiZ drive
v0x56062b034170_0 .net "ALUOp_EX", 1 0, o0x7f00404eb678;  0 drivers
v0x56062b034280_0 .net "ALUOp_ID", 1 0, L_0x56062b04a160;  1 drivers
v0x56062b034370_0 .net "ALUResult_EX", 31 0, L_0x56062b053880;  1 drivers
o0x7f00404ed7d8 .functor BUFZ 32, C4<zzzzzzzzzzzzzzzzzzzzzzzzzzzzzzzz>; HiZ drive
v0x56062b034480_0 .net "ALUResult_MEM", 31 0, o0x7f00404ed7d8;  0 drivers
o0x7f00404ec278 .functor BUFZ 32, C4<zzzzzzzzzzzzzzzzzzzzzzzzzzzzzzzz>; HiZ drive
v0x56062b034590_0 .net "ALUResult_WB", 31 0, o0x7f00404ec278;  0 drivers
o0x7f00404edef8 .functor BUFZ 1, C4<z>; HiZ drive
v0x56062b0346a0_0 .net "ALUSrc_EX", 0 0, o0x7f00404edef8;  0 drivers
v0x56062b034790_0 .net "ALUSrc_ID", 0 0, L_0x56062b04b830;  1 drivers
o0x7f00404ed988 .functor BUFZ 1, C4<z>; HiZ drive
v0x56062b034880_0 .net "Branch_EX", 0 0, o0x7f00404ed988;  0 drivers
v0x56062b034920_0 .net "Branch_ID", 0 0, L_0x56062b049520;  1 drivers
o0x7f00404ec638 .functor BUFZ 1, C4<z>; HiZ drive
v0x56062b034a10_0 .net "Branch_MEM", 0 0, o0x7f00404ec638;  0 drivers
o0x7f00404ed9b8 .functor BUFZ 1, C4<z>; HiZ drive
v0x56062b034b00_0 .net "MemRead_EX", 0 0, o0x7f00404ed9b8;  0 drivers
v0x56062b034bf0_0 .net "MemRead_ID", 0 0, L_0x56062b0498d0;  1 drivers
o0x7f00404ed9e8 .functor BUFZ 1, C4<z>; HiZ drive
v0x56062b034ce0_0 .net "MemRead_MEM", 0 0, o0x7f00404ed9e8;  0 drivers
o0x7f00404eda18 .functor BUFZ 1, C4<z>; HiZ drive
v0x56062b034d80_0 .net "MemWrite_EX", 0 0, o0x7f00404eda18;  0 drivers
v0x56062b034e70_0 .net "MemWrite_ID", 0 0, L_0x56062b04a770;  1 drivers
o0x7f00404ed778 .functor BUFZ 1, C4<z>; HiZ drive
v0x56062b034f60_0 .net "MemWrite_MEM", 0 0, o0x7f00404ed778;  0 drivers
v0x56062b035160_0 .net "Memdata_MEM", 31 0, L_0x56062b053dc0;  1 drivers
o0x7f00404ec2a8 .functor BUFZ 32, C4<zzzzzzzzzzzzzzzzzzzzzzzzzzzzzzzz>; HiZ drive
v0x56062b035250_0 .net "Memdata_WB", 31 0, o0x7f00404ec2a8;  0 drivers
o0x7f00404ec308 .functor BUFZ 1, C4<z>; HiZ drive
v0x56062b035360_0 .net "MemtoReg", 0 0, o0x7f00404ec308;  0 drivers
o0x7f00404eda48 .functor BUFZ 1, C4<z>; HiZ drive
v0x56062b035400_0 .net "MemtoReg_EX", 0 0, o0x7f00404eda48;  0 drivers
v0x56062b0354f0_0 .net "MemtoReg_ID", 0 0, L_0x56062b049c00;  1 drivers
o0x7f00404eda78 .functor BUFZ 1, C4<z>; HiZ drive
v0x56062b0355e0_0 .net "MemtoReg_MEM", 0 0, o0x7f00404eda78;  0 drivers
o0x7f00404eed68 .functor BUFZ 1, C4<z>; HiZ drive
v0x56062b0356d0_0 .net "MemtoReg_WB", 0 0, o0x7f00404eed68;  0 drivers
v0x56062b035770_0 .net "Op", 6 0, L_0x56062b037ee0;  1 drivers
v0x56062b035810_0 .net "PCSrc", 0 0, L_0x56062b054220;  1 drivers
L_0x7f00404a2018 .functor BUFT 1, C4<1>, C4<0>, C4<0>, C4<0>;
v0x56062b035900_0 .net "PCWrite", 0 0, L_0x7f00404a2018;  1 drivers
v0x56062b0359a0_0 .net "RDaddr", 4 0, L_0x56062b038180;  1 drivers
v0x56062b035a40_0 .net "RDdata", 31 0, L_0x56062b054630;  1 drivers
v0x56062b035b30_0 .net "RS1addr", 4 0, L_0x56062b037ff0;  1 drivers
o0x7f00404eb4f8 .functor BUFZ 32, C4<zzzzzzzzzzzzzzzzzzzzzzzzzzzzzzzz>; HiZ drive
v0x56062b035bd0_0 .net "RS1data_EX", 31 0, o0x7f00404eb4f8;  0 drivers
v0x56062b035cc0_0 .net "RS1data_ID", 31 0, L_0x56062b04cd20;  1 drivers
v0x56062b035db0_0 .net "RS2addr", 4 0, L_0x56062b0380e0;  1 drivers
o0x7f00404edaa8 .functor BUFZ 32, C4<zzzzzzzzzzzzzzzzzzzzzzzzzzzzzzzz>; HiZ drive
v0x56062b035e70_0 .net "RS2data_EX", 31 0, o0x7f00404edaa8;  0 drivers
v0x56062b035f10_0 .net "RS2data_ID", 31 0, L_0x56062b04d490;  1 drivers
o0x7f00404ed838 .functor BUFZ 32, C4<zzzzzzzzzzzzzzzzzzzzzzzzzzzzzzzz>; HiZ drive
v0x56062b036020_0 .net "RS2data_MEM", 31 0, o0x7f00404ed838;  0 drivers
v0x56062b036130_0 .net "RS2data_imm", 31 0, L_0x56062b04fa20;  1 drivers
o0x7f00404edad8 .functor BUFZ 1, C4<z>; HiZ drive
v0x56062b036240_0 .net "RegWrite_EX", 0 0, o0x7f00404edad8;  0 drivers
v0x56062b036330_0 .net "RegWrite_ID", 0 0, L_0x56062b04c620;  1 drivers
o0x7f00404edb08 .functor BUFZ 1, C4<z>; HiZ drive
v0x56062b036420_0 .net "RegWrite_MEM", 0 0, o0x7f00404edb08;  0 drivers
o0x7f00404eed98 .functor BUFZ 1, C4<z>; HiZ drive
v0x56062b036510_0 .net "RegWrite_WB", 0 0, o0x7f00404eed98;  0 drivers
v0x56062b036600_0 .net "Zero_EX", 0 0, L_0x56062b0526e0;  1 drivers
o0x7f00404ec698 .functor BUFZ 1, C4<z>; HiZ drive
v0x56062b0366f0_0 .net "Zero_MEM", 0 0, o0x7f00404ec698;  0 drivers
v0x56062b0367e0_0 .net *"_s11", 2 0, L_0x56062b038310;  1 drivers
v0x56062b0368c0_0 .net *"_s9", 6 0, L_0x56062b038270;  1 drivers
v0x56062b0369a0_0 .net "branch_offset", 31 0, L_0x56062b053b40;  1 drivers
v0x56062b036ab0_0 .net "clk_i", 0 0, v0x56062b037910_0;  1 drivers
o0x7f00404ec038 .functor BUFZ 10, C4<zzzzzzzzzz>; HiZ drive
v0x56062b036b50_0 .net "funct_EX", 9 0, o0x7f00404ec038;  0 drivers
v0x56062b036c60_0 .net "funct_ID", 9 0, L_0x56062b038500;  1 drivers
o0x7f00404edfe8 .functor BUFZ 32, C4<zzzzzzzzzzzzzzzzzzzzzzzzzzzzzzzz>; HiZ drive
v0x56062b036d20_0 .net "imm_EX", 31 0, o0x7f00404edfe8;  0 drivers
v0x56062b036dc0_0 .net "imm_ID", 31 0, L_0x56062b04f590;  1 drivers
o0x7f00404ee528 .functor BUFZ 32, C4<zzzzzzzzzzzzzzzzzzzzzzzzzzzzzzzz>; HiZ drive
v0x56062b036ed0_0 .net "instr_ID", 31 0, o0x7f00404ee528;  0 drivers
v0x56062b036fe0_0 .net "instr_IF", 31 0, L_0x56062afda2c0;  1 drivers
o0x7f00404ec518 .functor BUFZ 32, C4<zzzzzzzzzzzzzzzzzzzzzzzzzzzzzzzz>; HiZ drive
v0x56062b0370f0_0 .net "pc_EX", 31 0, o0x7f00404ec518;  0 drivers
o0x7f00404ee018 .functor BUFZ 32, C4<zzzzzzzzzzzzzzzzzzzzzzzzzzzzzzzz>; HiZ drive
v0x56062b037200_0 .net "pc_ID", 31 0, o0x7f00404ee018;  0 drivers
v0x56062b037310_0 .net "pc_IF", 31 0, v0x56062b030000_0;  1 drivers
v0x56062b0373d0_0 .net "pc_branch_EX", 31 0, L_0x56062b053c80;  1 drivers
o0x7f00404edb38 .functor BUFZ 32, C4<zzzzzzzzzzzzzzzzzzzzzzzzzzzzzzzz>; HiZ drive
v0x56062b037490_0 .net "pc_branch_MEM", 31 0, o0x7f00404edb38;  0 drivers
v0x56062b0375a0_0 .net "pc_next", 31 0, L_0x56062b048d80;  1 drivers
v0x56062b0376b0_0 .net "pc_plus_four", 31 0, L_0x56062b0386e0;  1 drivers
v0x56062b0377c0_0 .net "start_i", 0 0, v0x56062b0379b0_0;  1 drivers
L_0x56062b037ee0 .part o0x7f00404ee528, 0, 7;
L_0x56062b037ff0 .part o0x7f00404ee528, 15, 5;
L_0x56062b0380e0 .part o0x7f00404ee528, 20, 5;
L_0x56062b038180 .part o0x7f00404ee528, 7, 5;
L_0x56062b038270 .part o0x7f00404ee528, 25, 7;
L_0x56062b038310 .part o0x7f00404ee528, 12, 3;
L_0x56062b038500 .concat [ 3 7 0 0], L_0x56062b038310, L_0x56062b038270;
S_0x56062afcdc10 .scope module, "ALU" "ALU" 3 217, 4 2 0, S_0x56062afd06f0;
 .timescale 0 0;
    .port_info 0 /INPUT 32 "data1_i"
    .port_info 1 /INPUT 32 "data2_i"
    .port_info 2 /INPUT 3 "ALUCtrl_i"
    .port_info 3 /OUTPUT 32 "data_o"
    .port_info 4 /OUTPUT 1 "Zero_o"
L_0x56062b052910 .functor OR 32, o0x7f00404eb4f8, L_0x56062b04fa20, C4<00000000000000000000000000000000>, C4<00000000000000000000000000000000>;
L_0x56062b052be0 .functor AND 32, o0x7f00404eb4f8, L_0x56062b04fa20, C4<11111111111111111111111111111111>, C4<11111111111111111111111111111111>;
v0x56062aff5f90_0 .net "ALUCtrl_i", 2 0, L_0x56062b0522b0;  alias, 1 drivers
v0x56062aff5140_0 .net "Zero_o", 0 0, L_0x56062b0526e0;  alias, 1 drivers
v0x56062aff2a20_0 .net *"_s0", 0 0, L_0x56062b052500;  1 drivers
L_0x7f00404a36e0 .functor BUFT 1, C4<010>, C4<0>, C4<0>, C4<0>;
v0x56062aff1c80_0 .net/2u *"_s10", 2 0, L_0x7f00404a36e0;  1 drivers
v0x56062afdb230_0 .net *"_s12", 0 0, L_0x56062b0527d0;  1 drivers
v0x56062afda3c0_0 .net *"_s14", 31 0, L_0x56062b052870;  1 drivers
L_0x7f00404a3728 .functor BUFT 1, C4<001>, C4<0>, C4<0>, C4<0>;
v0x56062afd70e0_0 .net/2u *"_s16", 2 0, L_0x7f00404a3728;  1 drivers
v0x56062b01dd00_0 .net *"_s18", 0 0, L_0x56062b052a10;  1 drivers
L_0x7f00404a3650 .functor BUFT 1, C4<01>, C4<0>, C4<0>, C4<0>;
v0x56062b01ddc0_0 .net/2s *"_s2", 1 0, L_0x7f00404a3650;  1 drivers
v0x56062b01dea0_0 .net *"_s20", 31 0, L_0x56062b052910;  1 drivers
L_0x7f00404a3770 .functor BUFT 1, C4<000>, C4<0>, C4<0>, C4<0>;
v0x56062b01df80_0 .net/2u *"_s22", 2 0, L_0x7f00404a3770;  1 drivers
v0x56062b01e060_0 .net *"_s24", 0 0, L_0x56062b052af0;  1 drivers
v0x56062b01e120_0 .net *"_s26", 31 0, L_0x56062b052be0;  1 drivers
L_0x7f00404a37b8 .functor BUFT 1, C4<110>, C4<0>, C4<0>, C4<0>;
v0x56062b01e200_0 .net/2u *"_s28", 2 0, L_0x7f00404a37b8;  1 drivers
v0x56062b01e2e0_0 .net *"_s30", 0 0, L_0x56062b052c50;  1 drivers
v0x56062b01e3a0_0 .net *"_s32", 31 0, L_0x56062b052d90;  1 drivers
L_0x7f00404a3800 .functor BUFT 1, C4<011>, C4<0>, C4<0>, C4<0>;
v0x56062b01e480_0 .net/2u *"_s34", 2 0, L_0x7f00404a3800;  1 drivers
v0x56062b01e560_0 .net *"_s36", 0 0, L_0x56062b052ea0;  1 drivers
v0x56062b01e620_0 .net *"_s39", 31 0, L_0x56062b052ff0;  1 drivers
L_0x7f00404a3698 .functor BUFT 1, C4<00>, C4<0>, C4<0>, C4<0>;
v0x56062b01e700_0 .net/2s *"_s4", 1 0, L_0x7f00404a3698;  1 drivers
L_0x7f00404a3848 .functor BUFT 1, C4<00000000000000000000000000000000>, C4<0>, C4<0>, C4<0>;
v0x56062b01e7e0_0 .net/2u *"_s40", 31 0, L_0x7f00404a3848;  1 drivers
v0x56062b01e8c0_0 .net *"_s42", 31 0, L_0x56062b0531a0;  1 drivers
v0x56062b01e9a0_0 .net *"_s44", 31 0, L_0x56062b053350;  1 drivers
v0x56062b01ea80_0 .net *"_s46", 31 0, L_0x56062b0534e0;  1 drivers
v0x56062b01eb60_0 .net *"_s48", 31 0, L_0x56062b0536f0;  1 drivers
v0x56062b01ec40_0 .net *"_s6", 1 0, L_0x56062b0525a0;  1 drivers
v0x56062b01ed20_0 .net "data1_i", 31 0, o0x7f00404eb4f8;  alias, 0 drivers
v0x56062b01ee00_0 .net "data2_i", 31 0, L_0x56062b04fa20;  alias, 1 drivers
v0x56062b01eee0_0 .net "data_o", 31 0, L_0x56062b053880;  alias, 1 drivers
L_0x56062b052500 .cmp/eq 32, o0x7f00404eb4f8, L_0x56062b04fa20;
L_0x56062b0525a0 .functor MUXZ 2, L_0x7f00404a3698, L_0x7f00404a3650, L_0x56062b052500, C4<>;
L_0x56062b0526e0 .part L_0x56062b0525a0, 0, 1;
L_0x56062b0527d0 .cmp/eq 3, L_0x56062b0522b0, L_0x7f00404a36e0;
L_0x56062b052870 .arith/sum 32, o0x7f00404eb4f8, L_0x56062b04fa20;
L_0x56062b052a10 .cmp/eq 3, L_0x56062b0522b0, L_0x7f00404a3728;
L_0x56062b052af0 .cmp/eq 3, L_0x56062b0522b0, L_0x7f00404a3770;
L_0x56062b052c50 .cmp/eq 3, L_0x56062b0522b0, L_0x7f00404a37b8;
L_0x56062b052d90 .arith/sub 32, o0x7f00404eb4f8, L_0x56062b04fa20;
L_0x56062b052ea0 .cmp/eq 3, L_0x56062b0522b0, L_0x7f00404a3800;
L_0x56062b052ff0 .arith/mult 32, o0x7f00404eb4f8, L_0x56062b04fa20;
L_0x56062b0531a0 .functor MUXZ 32, L_0x7f00404a3848, L_0x56062b052ff0, L_0x56062b052ea0, C4<>;
L_0x56062b053350 .functor MUXZ 32, L_0x56062b0531a0, L_0x56062b052d90, L_0x56062b052c50, C4<>;
L_0x56062b0534e0 .functor MUXZ 32, L_0x56062b053350, L_0x56062b052be0, L_0x56062b052af0, C4<>;
L_0x56062b0536f0 .functor MUXZ 32, L_0x56062b0534e0, L_0x56062b052910, L_0x56062b052a10, C4<>;
L_0x56062b053880 .functor MUXZ 32, L_0x56062b0536f0, L_0x56062b052870, L_0x56062b0527d0, C4<>;
S_0x56062b01f060 .scope module, "ALU_Control" "ALU_Control" 3 211, 5 2 0, S_0x56062afd06f0;
 .timescale 0 0;
    .port_info 0 /INPUT 10 "funct_i"
    .port_info 1 /INPUT 2 "ALUOp_i"
    .port_info 2 /OUTPUT 3 "ALUCtrl_o"
L_0x56062b04e160 .functor BUFZ 10, o0x7f00404ec038, C4<0000000000>, C4<0000000000>, C4<0000000000>;
L_0x56062b04ff10 .functor AND 1, L_0x56062b04fce0, L_0x56062b04fdd0, C4<1>, C4<1>;
L_0x56062b050160 .functor AND 1, L_0x56062b04ff10, L_0x56062b050020, C4<1>, C4<1>;
L_0x56062b0504d0 .functor AND 1, L_0x56062b050270, L_0x56062b0503e0, C4<1>, C4<1>;
L_0x56062b050b30 .functor AND 1, L_0x56062b0504d0, L_0x56062b0509f0, C4<1>, C4<1>;
L_0x56062b050ec0 .functor AND 1, L_0x56062b050c40, L_0x56062b050d30, C4<1>, C4<1>;
L_0x56062b0510f0 .functor AND 1, L_0x56062b050ec0, L_0x56062b050fc0, C4<1>, C4<1>;
L_0x56062b051450 .functor AND 1, L_0x56062b051200, L_0x56062b051360, C4<1>, C4<1>;
L_0x56062b0512f0 .functor AND 1, L_0x56062b0515b0, L_0x56062b051720, C4<1>, C4<1>;
v0x56062b01f250_0 .net "ALUCtrl_o", 2 0, L_0x56062b0522b0;  alias, 1 drivers
v0x56062b01f330_0 .net "ALUOp_i", 1 0, o0x7f00404eb678;  alias, 0 drivers
v0x56062b01f3f0_0 .net *"_s11", 0 0, L_0x56062b04fdd0;  1 drivers
v0x56062b01f490_0 .net *"_s13", 0 0, L_0x56062b04ff10;  1 drivers
L_0x7f00404a30f8 .functor BUFT 1, C4<0000000>, C4<0>, C4<0>, C4<0>;
v0x56062b01f550_0 .net/2u *"_s15", 6 0, L_0x7f00404a30f8;  1 drivers
v0x56062b01f680_0 .net *"_s17", 0 0, L_0x56062b050020;  1 drivers
v0x56062b01f740_0 .net *"_s19", 0 0, L_0x56062b050160;  1 drivers
L_0x7f00404a3140 .functor BUFT 1, C4<010>, C4<0>, C4<0>, C4<0>;
v0x56062b01f800_0 .net/2u *"_s21", 2 0, L_0x7f00404a3140;  1 drivers
L_0x7f00404a3188 .functor BUFT 1, C4<10>, C4<0>, C4<0>, C4<0>;
v0x56062b01f8e0_0 .net/2u *"_s23", 1 0, L_0x7f00404a3188;  1 drivers
v0x56062b01f9c0_0 .net *"_s25", 0 0, L_0x56062b050270;  1 drivers
L_0x7f00404a31d0 .functor BUFT 1, C4<000>, C4<0>, C4<0>, C4<0>;
v0x56062b01fa80_0 .net/2u *"_s27", 2 0, L_0x7f00404a31d0;  1 drivers
v0x56062b01fb60_0 .net *"_s29", 0 0, L_0x56062b0503e0;  1 drivers
v0x56062b01fc20_0 .net *"_s31", 0 0, L_0x56062b0504d0;  1 drivers
L_0x7f00404a3218 .functor BUFT 1, C4<0100000>, C4<0>, C4<0>, C4<0>;
v0x56062b01fce0_0 .net/2u *"_s33", 6 0, L_0x7f00404a3218;  1 drivers
v0x56062b01fdc0_0 .net *"_s35", 0 0, L_0x56062b0509f0;  1 drivers
v0x56062b01fe80_0 .net *"_s37", 0 0, L_0x56062b050b30;  1 drivers
L_0x7f00404a3260 .functor BUFT 1, C4<110>, C4<0>, C4<0>, C4<0>;
v0x56062b01ff40_0 .net/2u *"_s39", 2 0, L_0x7f00404a3260;  1 drivers
v0x56062b020020_0 .net *"_s4", 9 0, L_0x56062b04e160;  1 drivers
L_0x7f00404a32a8 .functor BUFT 1, C4<10>, C4<0>, C4<0>, C4<0>;
v0x56062b020100_0 .net/2u *"_s41", 1 0, L_0x7f00404a32a8;  1 drivers
v0x56062b0201e0_0 .net *"_s43", 0 0, L_0x56062b050c40;  1 drivers
L_0x7f00404a32f0 .functor BUFT 1, C4<000>, C4<0>, C4<0>, C4<0>;
v0x56062b0202a0_0 .net/2u *"_s45", 2 0, L_0x7f00404a32f0;  1 drivers
v0x56062b020380_0 .net *"_s47", 0 0, L_0x56062b050d30;  1 drivers
v0x56062b020440_0 .net *"_s49", 0 0, L_0x56062b050ec0;  1 drivers
L_0x7f00404a3068 .functor BUFT 1, C4<10>, C4<0>, C4<0>, C4<0>;
v0x56062b020500_0 .net/2u *"_s5", 1 0, L_0x7f00404a3068;  1 drivers
L_0x7f00404a3338 .functor BUFT 1, C4<0000001>, C4<0>, C4<0>, C4<0>;
v0x56062b0205e0_0 .net/2u *"_s51", 6 0, L_0x7f00404a3338;  1 drivers
v0x56062b0206c0_0 .net *"_s53", 0 0, L_0x56062b050fc0;  1 drivers
v0x56062b020780_0 .net *"_s55", 0 0, L_0x56062b0510f0;  1 drivers
L_0x7f00404a3380 .functor BUFT 1, C4<011>, C4<0>, C4<0>, C4<0>;
v0x56062b020840_0 .net/2u *"_s57", 2 0, L_0x7f00404a3380;  1 drivers
L_0x7f00404a33c8 .functor BUFT 1, C4<10>, C4<0>, C4<0>, C4<0>;
v0x56062b020920_0 .net/2u *"_s59", 1 0, L_0x7f00404a33c8;  1 drivers
v0x56062b020a00_0 .net *"_s61", 0 0, L_0x56062b051200;  1 drivers
L_0x7f00404a3410 .functor BUFT 1, C4<110>, C4<0>, C4<0>, C4<0>;
v0x56062b020ac0_0 .net/2u *"_s63", 2 0, L_0x7f00404a3410;  1 drivers
v0x56062b020ba0_0 .net *"_s65", 0 0, L_0x56062b051360;  1 drivers
v0x56062b020c60_0 .net *"_s67", 0 0, L_0x56062b051450;  1 drivers
L_0x7f00404a3458 .functor BUFT 1, C4<001>, C4<0>, C4<0>, C4<0>;
v0x56062b020f30_0 .net/2u *"_s69", 2 0, L_0x7f00404a3458;  1 drivers
v0x56062b021010_0 .net *"_s7", 0 0, L_0x56062b04fce0;  1 drivers
L_0x7f00404a34a0 .functor BUFT 1, C4<10>, C4<0>, C4<0>, C4<0>;
v0x56062b0210d0_0 .net/2u *"_s71", 1 0, L_0x7f00404a34a0;  1 drivers
v0x56062b0211b0_0 .net *"_s73", 0 0, L_0x56062b0515b0;  1 drivers
L_0x7f00404a34e8 .functor BUFT 1, C4<111>, C4<0>, C4<0>, C4<0>;
v0x56062b021270_0 .net/2u *"_s75", 2 0, L_0x7f00404a34e8;  1 drivers
v0x56062b021350_0 .net *"_s77", 0 0, L_0x56062b051720;  1 drivers
v0x56062b021410_0 .net *"_s79", 0 0, L_0x56062b0512f0;  1 drivers
L_0x7f00404a3530 .functor BUFT 1, C4<000>, C4<0>, C4<0>, C4<0>;
v0x56062b0214d0_0 .net/2u *"_s81", 2 0, L_0x7f00404a3530;  1 drivers
L_0x7f00404a3578 .functor BUFT 1, C4<01>, C4<0>, C4<0>, C4<0>;
v0x56062b0215b0_0 .net/2u *"_s83", 1 0, L_0x7f00404a3578;  1 drivers
v0x56062b021690_0 .net *"_s85", 0 0, L_0x56062b0518b0;  1 drivers
L_0x7f00404a35c0 .functor BUFT 1, C4<110>, C4<0>, C4<0>, C4<0>;
v0x56062b021750_0 .net/2u *"_s87", 2 0, L_0x7f00404a35c0;  1 drivers
L_0x7f00404a3608 .functor BUFT 1, C4<010>, C4<0>, C4<0>, C4<0>;
v0x56062b021830_0 .net/2u *"_s89", 2 0, L_0x7f00404a3608;  1 drivers
L_0x7f00404a30b0 .functor BUFT 1, C4<000>, C4<0>, C4<0>, C4<0>;
v0x56062b021910_0 .net/2u *"_s9", 2 0, L_0x7f00404a30b0;  1 drivers
v0x56062b0219f0_0 .net *"_s91", 2 0, L_0x56062b051a30;  1 drivers
v0x56062b021ad0_0 .net *"_s93", 2 0, L_0x56062b051bc0;  1 drivers
v0x56062b021bb0_0 .net *"_s95", 2 0, L_0x56062b051df0;  1 drivers
v0x56062b021c90_0 .net *"_s97", 2 0, L_0x56062b051f80;  1 drivers
v0x56062b021d70_0 .net *"_s99", 2 0, L_0x56062b051c60;  1 drivers
v0x56062b021e50_0 .net "funct3", 2 0, L_0x56062b04fc40;  1 drivers
v0x56062b021f30_0 .net "funct7", 6 0, L_0x56062b04fba0;  1 drivers
v0x56062b022010_0 .net "funct_i", 9 0, o0x7f00404ec038;  alias, 0 drivers
L_0x56062b04fba0 .part L_0x56062b04e160, 3, 7;
L_0x56062b04fc40 .part L_0x56062b04e160, 0, 3;
L_0x56062b04fce0 .cmp/eq 2, o0x7f00404eb678, L_0x7f00404a3068;
L_0x56062b04fdd0 .cmp/eq 3, L_0x56062b04fc40, L_0x7f00404a30b0;
L_0x56062b050020 .cmp/eq 7, L_0x56062b04fba0, L_0x7f00404a30f8;
L_0x56062b050270 .cmp/eq 2, o0x7f00404eb678, L_0x7f00404a3188;
L_0x56062b0503e0 .cmp/eq 3, L_0x56062b04fc40, L_0x7f00404a31d0;
L_0x56062b0509f0 .cmp/eq 7, L_0x56062b04fba0, L_0x7f00404a3218;
L_0x56062b050c40 .cmp/eq 2, o0x7f00404eb678, L_0x7f00404a32a8;
L_0x56062b050d30 .cmp/eq 3, L_0x56062b04fc40, L_0x7f00404a32f0;
L_0x56062b050fc0 .cmp/eq 7, L_0x56062b04fba0, L_0x7f00404a3338;
L_0x56062b051200 .cmp/eq 2, o0x7f00404eb678, L_0x7f00404a33c8;
L_0x56062b051360 .cmp/eq 3, L_0x56062b04fc40, L_0x7f00404a3410;
L_0x56062b0515b0 .cmp/eq 2, o0x7f00404eb678, L_0x7f00404a34a0;
L_0x56062b051720 .cmp/eq 3, L_0x56062b04fc40, L_0x7f00404a34e8;
L_0x56062b0518b0 .cmp/eq 2, o0x7f00404eb678, L_0x7f00404a3578;
L_0x56062b051a30 .functor MUXZ 3, L_0x7f00404a3608, L_0x7f00404a35c0, L_0x56062b0518b0, C4<>;
L_0x56062b051bc0 .functor MUXZ 3, L_0x56062b051a30, L_0x7f00404a3530, L_0x56062b0512f0, C4<>;
L_0x56062b051df0 .functor MUXZ 3, L_0x56062b051bc0, L_0x7f00404a3458, L_0x56062b051450, C4<>;
L_0x56062b051f80 .functor MUXZ 3, L_0x56062b051df0, L_0x7f00404a3380, L_0x56062b0510f0, C4<>;
L_0x56062b051c60 .functor MUXZ 3, L_0x56062b051f80, L_0x7f00404a3260, L_0x56062b050b30, C4<>;
L_0x56062b0522b0 .functor MUXZ 3, L_0x56062b051c60, L_0x7f00404a3140, L_0x56062b050160, C4<>;
S_0x56062b022170 .scope module, "ALU_MEM_MUX32" "MUX32" 3 289, 6 2 0, S_0x56062afd06f0;
 .timescale 0 0;
    .port_info 0 /INPUT 32 "data1_i"
    .port_info 1 /INPUT 32 "data2_i"
    .port_info 2 /INPUT 1 "select_i"
    .port_info 3 /OUTPUT 32 "data_o"
L_0x7f00404a3bf0 .functor BUFT 1, C4<0000000000000000000000000000000z>, C4<0>, C4<0>, C4<0>;
v0x56062b0222f0_0 .net *"_s0", 31 0, L_0x7f00404a3bf0;  1 drivers
L_0x7f00404a3a40 .functor BUFT 1, C4<00000000000000000000000000000001>, C4<0>, C4<0>, C4<0>;
v0x56062b0223b0_0 .net/2u *"_s12", 31 0, L_0x7f00404a3a40;  1 drivers
v0x56062b022490_0 .net *"_s14", 0 0, L_0x56062b054400;  1 drivers
L_0x7f00404a3a88 .functor BUFT 1, C4<00000000000000000000000000000000>, C4<0>, C4<0>, C4<0>;
v0x56062b022530_0 .net/2u *"_s16", 31 0, L_0x7f00404a3a88;  1 drivers
v0x56062b022610_0 .net *"_s18", 31 0, L_0x56062b0544f0;  1 drivers
L_0x7f00404a39f8 .functor BUFT 1, C4<00000000000000000000000000000000>, C4<0>, C4<0>, C4<0>;
v0x56062b022740_0 .net/2u *"_s4", 31 0, L_0x7f00404a39f8;  1 drivers
v0x56062b022820_0 .net *"_s6", 0 0, L_0x56062b054310;  1 drivers
L_0x7f00404a3c38 .functor BUFT 1, C4<0000000000000000000000000000000z>, C4<0>, C4<0>, C4<0>;
v0x56062b0228e0_0 .net *"_s8", 31 0, L_0x7f00404a3c38;  1 drivers
v0x56062b0229c0_0 .net "data1_i", 31 0, o0x7f00404ec278;  alias, 0 drivers
v0x56062b022aa0_0 .net "data2_i", 31 0, o0x7f00404ec2a8;  alias, 0 drivers
v0x56062b022b80_0 .net "data_o", 31 0, L_0x56062b054630;  alias, 1 drivers
v0x56062b022c60_0 .net "select_i", 0 0, o0x7f00404ec308;  alias, 0 drivers
L_0x56062b054310 .cmp/eq 32, L_0x7f00404a3bf0, L_0x7f00404a39f8;
L_0x56062b054400 .cmp/eq 32, L_0x7f00404a3c38, L_0x7f00404a3a40;
L_0x56062b0544f0 .functor MUXZ 32, L_0x7f00404a3a88, o0x7f00404ec2a8, L_0x56062b054400, C4<>;
L_0x56062b054630 .functor MUXZ 32, L_0x56062b0544f0, o0x7f00404ec278, L_0x56062b054310, C4<>;
S_0x56062b022da0 .scope module, "Adder1" "Adder" 3 121, 7 2 0, S_0x56062afd06f0;
 .timescale 0 0;
    .port_info 0 /INPUT 32 "data1_in"
    .port_info 1 /INPUT 32 "data2_in"
    .port_info 2 /OUTPUT 32 "data_o"
v0x56062b022f90_0 .net "data1_in", 31 0, v0x56062b030000_0;  alias, 1 drivers
L_0x7f00404a2060 .functor BUFT 1, C4<00000000000000000000000000000100>, C4<0>, C4<0>, C4<0>;
v0x56062b023090_0 .net "data2_in", 31 0, L_0x7f00404a2060;  1 drivers
v0x56062b023170_0 .net "data_o", 31 0, L_0x56062b0386e0;  alias, 1 drivers
L_0x56062b0386e0 .arith/sum 32, v0x56062b030000_0, L_0x7f00404a2060;
S_0x56062b0232b0 .scope module, "Adder2" "Adder" 3 230, 7 2 0, S_0x56062afd06f0;
 .timescale 0 0;
    .port_info 0 /INPUT 32 "data1_in"
    .port_info 1 /INPUT 32 "data2_in"
    .port_info 2 /OUTPUT 32 "data_o"
v0x56062b023520_0 .net "data1_in", 31 0, o0x7f00404ec518;  alias, 0 drivers
v0x56062b023620_0 .net "data2_in", 31 0, L_0x56062b053b40;  alias, 1 drivers
v0x56062b023700_0 .net "data_o", 31 0, L_0x56062b053c80;  alias, 1 drivers
L_0x56062b053c80 .arith/sum 32, o0x7f00404ec518, L_0x56062b053b40;
S_0x56062b023840 .scope module, "Branch_Gate" "Branch_Gate" 3 269, 8 2 0, S_0x56062afd06f0;
 .timescale 0 0;
    .port_info 0 /INPUT 1 "Branch_i"
    .port_info 1 /INPUT 1 "Zero_i"
    .port_info 2 /OUTPUT 1 "PCSrc_o"
L_0x56062b053240 .functor AND 1, L_0x56062b053e60, L_0x56062b053f00, C4<1>, C4<1>;
v0x56062b023a60_0 .net "Branch_i", 0 0, o0x7f00404ec638;  alias, 0 drivers
v0x56062b023b40_0 .net "PCSrc_o", 0 0, L_0x56062b054220;  alias, 1 drivers
v0x56062b023c00_0 .net "Zero_i", 0 0, o0x7f00404ec698;  alias, 0 drivers
L_0x7f00404a3b60 .functor BUFT 1, C4<0000000000000000000000000000000z>, C4<0>, C4<0>, C4<0>;
v0x56062b023ca0_0 .net *"_s0", 31 0, L_0x7f00404a3b60;  1 drivers
L_0x7f00404a3920 .functor BUFT 1, C4<00000000000000000000000000000001>, C4<0>, C4<0>, C4<0>;
v0x56062b023d80_0 .net/2u *"_s12", 31 0, L_0x7f00404a3920;  1 drivers
v0x56062b023eb0_0 .net *"_s14", 0 0, L_0x56062b053f00;  1 drivers
v0x56062b023f70_0 .net *"_s16", 0 0, L_0x56062b053240;  1 drivers
L_0x7f00404a3968 .functor BUFT 1, C4<01>, C4<0>, C4<0>, C4<0>;
v0x56062b024030_0 .net/2s *"_s18", 1 0, L_0x7f00404a3968;  1 drivers
L_0x7f00404a39b0 .functor BUFT 1, C4<00>, C4<0>, C4<0>, C4<0>;
v0x56062b024110_0 .net/2s *"_s20", 1 0, L_0x7f00404a39b0;  1 drivers
v0x56062b0241f0_0 .net *"_s22", 1 0, L_0x56062b054090;  1 drivers
L_0x7f00404a38d8 .functor BUFT 1, C4<00000000000000000000000000000001>, C4<0>, C4<0>, C4<0>;
v0x56062b0242d0_0 .net/2u *"_s4", 31 0, L_0x7f00404a38d8;  1 drivers
v0x56062b0243b0_0 .net *"_s6", 0 0, L_0x56062b053e60;  1 drivers
L_0x7f00404a3ba8 .functor BUFT 1, C4<0000000000000000000000000000000z>, C4<0>, C4<0>, C4<0>;
v0x56062b024470_0 .net *"_s8", 31 0, L_0x7f00404a3ba8;  1 drivers
L_0x56062b053e60 .cmp/eq 32, L_0x7f00404a3b60, L_0x7f00404a38d8;
L_0x56062b053f00 .cmp/eq 32, L_0x7f00404a3ba8, L_0x7f00404a3920;
L_0x56062b054090 .functor MUXZ 2, L_0x7f00404a39b0, L_0x7f00404a3968, L_0x56062b053240, C4<>;
L_0x56062b054220 .part L_0x56062b054090, 0, 1;
S_0x56062b0245d0 .scope module, "Control" "Control" 3 147, 9 2 0, S_0x56062afd06f0;
 .timescale 0 0;
    .port_info 0 /INPUT 7 "Op_i"
    .port_info 1 /OUTPUT 1 "Branch_o"
    .port_info 2 /OUTPUT 1 "MemRead_o"
    .port_info 3 /OUTPUT 1 "MemtoReg_o"
    .port_info 4 /OUTPUT 2 "ALUOp_o"
    .port_info 5 /OUTPUT 1 "MemWrite_o"
    .port_info 6 /OUTPUT 1 "ALUSrc_o"
    .port_info 7 /OUTPUT 1 "RegWrite_o"
v0x56062b024870_0 .net "ALUOp_o", 1 0, L_0x56062b04a160;  alias, 1 drivers
v0x56062b024950_0 .net "ALUSrc_o", 0 0, L_0x56062b04b830;  alias, 1 drivers
v0x56062b024a10_0 .net "Branch_o", 0 0, L_0x56062b049520;  alias, 1 drivers
v0x56062b024ab0_0 .net "MemRead_o", 0 0, L_0x56062b0498d0;  alias, 1 drivers
v0x56062b024b70_0 .net "MemWrite_o", 0 0, L_0x56062b04a770;  alias, 1 drivers
v0x56062b024c80_0 .net "MemtoReg_o", 0 0, L_0x56062b049c00;  alias, 1 drivers
v0x56062b024d40_0 .net "Op_i", 6 0, L_0x56062b037ee0;  alias, 1 drivers
v0x56062b024e20_0 .net "RegWrite_o", 0 0, L_0x56062b04c620;  alias, 1 drivers
L_0x7f00404a2258 .functor BUFT 1, C4<1100011>, C4<0>, C4<0>, C4<0>;
v0x56062b024ee0_0 .net/2u *"_s0", 6 0, L_0x7f00404a2258;  1 drivers
v0x56062b024fc0_0 .net *"_s100", 0 0, L_0x56062b04b440;  1 drivers
v0x56062b0250a0_0 .net *"_s102", 0 0, L_0x56062b04b5d0;  1 drivers
L_0x7f00404a2a38 .functor BUFT 1, C4<0110011>, C4<0>, C4<0>, C4<0>;
v0x56062b025180_0 .net/2u *"_s106", 6 0, L_0x7f00404a2a38;  1 drivers
v0x56062b025260_0 .net *"_s108", 0 0, L_0x56062b04b9c0;  1 drivers
L_0x7f00404a2a80 .functor BUFT 1, C4<01>, C4<0>, C4<0>, C4<0>;
v0x56062b025320_0 .net/2s *"_s110", 1 0, L_0x7f00404a2a80;  1 drivers
L_0x7f00404a2ac8 .functor BUFT 1, C4<0010011>, C4<0>, C4<0>, C4<0>;
v0x56062b025400_0 .net/2u *"_s112", 6 0, L_0x7f00404a2ac8;  1 drivers
v0x56062b0254e0_0 .net *"_s114", 0 0, L_0x56062b04bb90;  1 drivers
L_0x7f00404a2b10 .functor BUFT 1, C4<01>, C4<0>, C4<0>, C4<0>;
v0x56062b0255a0_0 .net/2s *"_s116", 1 0, L_0x7f00404a2b10;  1 drivers
L_0x7f00404a2b58 .functor BUFT 1, C4<0000011>, C4<0>, C4<0>, C4<0>;
v0x56062b025680_0 .net/2u *"_s118", 6 0, L_0x7f00404a2b58;  1 drivers
L_0x7f00404a2330 .functor BUFT 1, C4<0000011>, C4<0>, C4<0>, C4<0>;
v0x56062b025760_0 .net/2u *"_s12", 6 0, L_0x7f00404a2330;  1 drivers
v0x56062b025840_0 .net *"_s120", 0 0, L_0x56062b04bc80;  1 drivers
L_0x7f00404a2ba0 .functor BUFT 1, C4<01>, C4<0>, C4<0>, C4<0>;
v0x56062b025900_0 .net/2s *"_s122", 1 0, L_0x7f00404a2ba0;  1 drivers
L_0x7f00404a2be8 .functor BUFT 1, C4<00>, C4<0>, C4<0>, C4<0>;
v0x56062b0259e0_0 .net/2s *"_s124", 1 0, L_0x7f00404a2be8;  1 drivers
v0x56062b025ac0_0 .net *"_s126", 1 0, L_0x56062b04c070;  1 drivers
v0x56062b025ba0_0 .net *"_s128", 1 0, L_0x56062b04c200;  1 drivers
v0x56062b025c80_0 .net *"_s130", 1 0, L_0x56062b04c490;  1 drivers
v0x56062b025d60_0 .net *"_s14", 0 0, L_0x56062b049610;  1 drivers
L_0x7f00404a2378 .functor BUFT 1, C4<01>, C4<0>, C4<0>, C4<0>;
v0x56062b025e20_0 .net/2s *"_s16", 1 0, L_0x7f00404a2378;  1 drivers
L_0x7f00404a23c0 .functor BUFT 1, C4<00>, C4<0>, C4<0>, C4<0>;
v0x56062b025f00_0 .net/2s *"_s18", 1 0, L_0x7f00404a23c0;  1 drivers
v0x56062b025fe0_0 .net *"_s2", 0 0, L_0x56062b0492f0;  1 drivers
v0x56062b0260a0_0 .net *"_s20", 1 0, L_0x56062b049740;  1 drivers
L_0x7f00404a2408 .functor BUFT 1, C4<0000011>, C4<0>, C4<0>, C4<0>;
v0x56062b026180_0 .net/2u *"_s24", 6 0, L_0x7f00404a2408;  1 drivers
v0x56062b026260_0 .net *"_s26", 0 0, L_0x56062b049a00;  1 drivers
L_0x7f00404a2450 .functor BUFT 1, C4<1>, C4<0>, C4<0>, C4<0>;
v0x56062b026320_0 .net/2u *"_s28", 0 0, L_0x7f00404a2450;  1 drivers
L_0x7f00404a2498 .functor BUFT 1, C4<0>, C4<0>, C4<0>, C4<0>;
v0x56062b026610_0 .net/2u *"_s30", 0 0, L_0x7f00404a2498;  1 drivers
L_0x7f00404a24e0 .functor BUFT 1, C4<0110011>, C4<0>, C4<0>, C4<0>;
v0x56062b0266f0_0 .net/2u *"_s34", 6 0, L_0x7f00404a24e0;  1 drivers
v0x56062b0267d0_0 .net *"_s36", 0 0, L_0x56062b049de0;  1 drivers
L_0x7f00404a2528 .functor BUFT 1, C4<10>, C4<0>, C4<0>, C4<0>;
v0x56062b026890_0 .net/2u *"_s38", 1 0, L_0x7f00404a2528;  1 drivers
L_0x7f00404a22a0 .functor BUFT 1, C4<01>, C4<0>, C4<0>, C4<0>;
v0x56062b026970_0 .net/2s *"_s4", 1 0, L_0x7f00404a22a0;  1 drivers
L_0x7f00404a2570 .functor BUFT 1, C4<1100011>, C4<0>, C4<0>, C4<0>;
v0x56062b026a50_0 .net/2u *"_s40", 6 0, L_0x7f00404a2570;  1 drivers
v0x56062b026b30_0 .net *"_s42", 0 0, L_0x56062b049ed0;  1 drivers
L_0x7f00404a25b8 .functor BUFT 1, C4<01>, C4<0>, C4<0>, C4<0>;
v0x56062b026bf0_0 .net/2u *"_s44", 1 0, L_0x7f00404a25b8;  1 drivers
L_0x7f00404a2600 .functor BUFT 1, C4<00>, C4<0>, C4<0>, C4<0>;
v0x56062b026cd0_0 .net/2u *"_s46", 1 0, L_0x7f00404a2600;  1 drivers
v0x56062b026db0_0 .net *"_s48", 1 0, L_0x56062b04a020;  1 drivers
L_0x7f00404a2648 .functor BUFT 1, C4<0100011>, C4<0>, C4<0>, C4<0>;
v0x56062b026e90_0 .net/2u *"_s52", 6 0, L_0x7f00404a2648;  1 drivers
v0x56062b026f70_0 .net *"_s54", 0 0, L_0x56062b04a360;  1 drivers
L_0x7f00404a2690 .functor BUFT 1, C4<01>, C4<0>, C4<0>, C4<0>;
v0x56062b027030_0 .net/2s *"_s56", 1 0, L_0x7f00404a2690;  1 drivers
L_0x7f00404a26d8 .functor BUFT 1, C4<00>, C4<0>, C4<0>, C4<0>;
v0x56062b027110_0 .net/2s *"_s58", 1 0, L_0x7f00404a26d8;  1 drivers
L_0x7f00404a22e8 .functor BUFT 1, C4<00>, C4<0>, C4<0>, C4<0>;
v0x56062b0271f0_0 .net/2s *"_s6", 1 0, L_0x7f00404a22e8;  1 drivers
v0x56062b0272d0_0 .net *"_s60", 1 0, L_0x56062b04a560;  1 drivers
L_0x7f00404a2720 .functor BUFT 1, C4<0110011>, C4<0>, C4<0>, C4<0>;
v0x56062b0273b0_0 .net/2u *"_s64", 6 0, L_0x7f00404a2720;  1 drivers
v0x56062b027490_0 .net *"_s66", 0 0, L_0x56062b04a860;  1 drivers
L_0x7f00404a2768 .functor BUFT 1, C4<0>, C4<0>, C4<0>, C4<0>;
v0x56062b027550_0 .net/2u *"_s68", 0 0, L_0x7f00404a2768;  1 drivers
L_0x7f00404a27b0 .functor BUFT 1, C4<0010011>, C4<0>, C4<0>, C4<0>;
v0x56062b027630_0 .net/2u *"_s70", 6 0, L_0x7f00404a27b0;  1 drivers
v0x56062b027710_0 .net *"_s72", 0 0, L_0x56062b04a9e0;  1 drivers
L_0x7f00404a27f8 .functor BUFT 1, C4<1>, C4<0>, C4<0>, C4<0>;
v0x56062b0277d0_0 .net/2u *"_s74", 0 0, L_0x7f00404a27f8;  1 drivers
L_0x7f00404a2840 .functor BUFT 1, C4<0000011>, C4<0>, C4<0>, C4<0>;
v0x56062b0278b0_0 .net/2u *"_s76", 6 0, L_0x7f00404a2840;  1 drivers
v0x56062b027990_0 .net *"_s78", 0 0, L_0x56062b04aad0;  1 drivers
v0x56062b027a50_0 .net *"_s8", 1 0, L_0x56062b049390;  1 drivers
L_0x7f00404a2888 .functor BUFT 1, C4<1>, C4<0>, C4<0>, C4<0>;
v0x56062b027b30_0 .net/2u *"_s80", 0 0, L_0x7f00404a2888;  1 drivers
L_0x7f00404a28d0 .functor BUFT 1, C4<0100011>, C4<0>, C4<0>, C4<0>;
v0x56062b027c10_0 .net/2u *"_s82", 6 0, L_0x7f00404a28d0;  1 drivers
v0x56062b027cf0_0 .net *"_s84", 0 0, L_0x56062b04ac60;  1 drivers
L_0x7f00404a2918 .functor BUFT 1, C4<1>, C4<0>, C4<0>, C4<0>;
v0x56062b027db0_0 .net/2u *"_s86", 0 0, L_0x7f00404a2918;  1 drivers
L_0x7f00404a2960 .functor BUFT 1, C4<1100011>, C4<0>, C4<0>, C4<0>;
v0x56062b027e90_0 .net/2u *"_s88", 6 0, L_0x7f00404a2960;  1 drivers
v0x56062b027f70_0 .net *"_s90", 0 0, L_0x56062b04af60;  1 drivers
L_0x7f00404a29a8 .functor BUFT 1, C4<0>, C4<0>, C4<0>, C4<0>;
v0x56062b028030_0 .net/2u *"_s92", 0 0, L_0x7f00404a29a8;  1 drivers
L_0x7f00404a29f0 .functor BUFT 1, C4<0>, C4<0>, C4<0>, C4<0>;
v0x56062b028520_0 .net/2u *"_s94", 0 0, L_0x7f00404a29f0;  1 drivers
v0x56062b028600_0 .net *"_s96", 0 0, L_0x56062b04abc0;  1 drivers
v0x56062b0286e0_0 .net *"_s98", 0 0, L_0x56062b04b1f0;  1 drivers
L_0x56062b0492f0 .cmp/eq 7, L_0x56062b037ee0, L_0x7f00404a2258;
L_0x56062b049390 .functor MUXZ 2, L_0x7f00404a22e8, L_0x7f00404a22a0, L_0x56062b0492f0, C4<>;
L_0x56062b049520 .part L_0x56062b049390, 0, 1;
L_0x56062b049610 .cmp/eq 7, L_0x56062b037ee0, L_0x7f00404a2330;
L_0x56062b049740 .functor MUXZ 2, L_0x7f00404a23c0, L_0x7f00404a2378, L_0x56062b049610, C4<>;
L_0x56062b0498d0 .part L_0x56062b049740, 0, 1;
L_0x56062b049a00 .cmp/eq 7, L_0x56062b037ee0, L_0x7f00404a2408;
L_0x56062b049c00 .functor MUXZ 1, L_0x7f00404a2498, L_0x7f00404a2450, L_0x56062b049a00, C4<>;
L_0x56062b049de0 .cmp/eq 7, L_0x56062b037ee0, L_0x7f00404a24e0;
L_0x56062b049ed0 .cmp/eq 7, L_0x56062b037ee0, L_0x7f00404a2570;
L_0x56062b04a020 .functor MUXZ 2, L_0x7f00404a2600, L_0x7f00404a25b8, L_0x56062b049ed0, C4<>;
L_0x56062b04a160 .functor MUXZ 2, L_0x56062b04a020, L_0x7f00404a2528, L_0x56062b049de0, C4<>;
L_0x56062b04a360 .cmp/eq 7, L_0x56062b037ee0, L_0x7f00404a2648;
L_0x56062b04a560 .functor MUXZ 2, L_0x7f00404a26d8, L_0x7f00404a2690, L_0x56062b04a360, C4<>;
L_0x56062b04a770 .part L_0x56062b04a560, 0, 1;
L_0x56062b04a860 .cmp/eq 7, L_0x56062b037ee0, L_0x7f00404a2720;
L_0x56062b04a9e0 .cmp/eq 7, L_0x56062b037ee0, L_0x7f00404a27b0;
L_0x56062b04aad0 .cmp/eq 7, L_0x56062b037ee0, L_0x7f00404a2840;
L_0x56062b04ac60 .cmp/eq 7, L_0x56062b037ee0, L_0x7f00404a28d0;
L_0x56062b04af60 .cmp/eq 7, L_0x56062b037ee0, L_0x7f00404a2960;
L_0x56062b04abc0 .functor MUXZ 1, L_0x7f00404a29f0, L_0x7f00404a29a8, L_0x56062b04af60, C4<>;
L_0x56062b04b1f0 .functor MUXZ 1, L_0x56062b04abc0, L_0x7f00404a2918, L_0x56062b04ac60, C4<>;
L_0x56062b04b440 .functor MUXZ 1, L_0x56062b04b1f0, L_0x7f00404a2888, L_0x56062b04aad0, C4<>;
L_0x56062b04b5d0 .functor MUXZ 1, L_0x56062b04b440, L_0x7f00404a27f8, L_0x56062b04a9e0, C4<>;
L_0x56062b04b830 .functor MUXZ 1, L_0x56062b04b5d0, L_0x7f00404a2768, L_0x56062b04a860, C4<>;
L_0x56062b04b9c0 .cmp/eq 7, L_0x56062b037ee0, L_0x7f00404a2a38;
L_0x56062b04bb90 .cmp/eq 7, L_0x56062b037ee0, L_0x7f00404a2ac8;
L_0x56062b04bc80 .cmp/eq 7, L_0x56062b037ee0, L_0x7f00404a2b58;
L_0x56062b04c070 .functor MUXZ 2, L_0x7f00404a2be8, L_0x7f00404a2ba0, L_0x56062b04bc80, C4<>;
L_0x56062b04c200 .functor MUXZ 2, L_0x56062b04c070, L_0x7f00404a2b10, L_0x56062b04bb90, C4<>;
L_0x56062b04c490 .functor MUXZ 2, L_0x56062b04c200, L_0x7f00404a2a80, L_0x56062b04b9c0, C4<>;
L_0x56062b04c620 .part L_0x56062b04c490, 0, 1;
S_0x56062b0288c0 .scope module, "Data_Memory" "Data_Memory" 3 261, 10 1 0, S_0x56062afd06f0;
 .timescale 0 0;
    .port_info 0 /INPUT 1 "clk_i"
    .port_info 1 /INPUT 32 "addr_i"
    .port_info 2 /INPUT 1 "MemWrite_i"
    .port_info 3 /INPUT 32 "data_i"
    .port_info 4 /OUTPUT 32 "data_o"
v0x56062b028a80_0 .net "MemWrite_i", 0 0, o0x7f00404ed778;  alias, 0 drivers
v0x56062b028b60_0 .net *"_s0", 31 0, L_0x56062b053d20;  1 drivers
v0x56062b028c40_0 .net "addr_i", 31 0, o0x7f00404ed7d8;  alias, 0 drivers
v0x56062b028d30_0 .net "clk_i", 0 0, v0x56062b037910_0;  alias, 1 drivers
v0x56062b028df0_0 .net "data_i", 31 0, o0x7f00404ed838;  alias, 0 drivers
v0x56062b028f20_0 .net "data_o", 31 0, L_0x56062b053dc0;  alias, 1 drivers
v0x56062b029000 .array "memory", 1023 0, 31 0;
E_0x56062af9f470 .event posedge, v0x56062b028d30_0;
L_0x56062b053d20 .array/port v0x56062b029000, o0x7f00404ed7d8;
L_0x56062b053dc0 .functor MUXZ 32, L_0x56062b053d20, o0x7f00404ed838, o0x7f00404ed778, C4<>;
S_0x56062b029160 .scope module, "EX_MEM" "EX_MEM" 3 236, 11 2 0, S_0x56062afd06f0;
 .timescale 0 0;
    .port_info 0 /INPUT 1 "clk_i"
    .port_info 1 /INPUT 32 "ALUResult_i"
    .port_info 2 /INPUT 32 "RS2data_i"
    .port_info 3 /INPUT 1 "Zero_i"
    .port_info 4 /INPUT 32 "pc_branch_i"
    .port_info 5 /INPUT 1 "Branch_i"
    .port_info 6 /INPUT 1 "MemRead_i"
    .port_info 7 /INPUT 1 "MemtoReg_i"
    .port_info 8 /INPUT 1 "MemWrite_i"
    .port_info 9 /INPUT 1 "RegWrite_i"
    .port_info 10 /OUTPUT 32 "ALUResult_o"
    .port_info 11 /OUTPUT 32 "RS2data_o"
    .port_info 12 /OUTPUT 1 "Zero_o"
    .port_info 13 /OUTPUT 32 "pc_branch_o"
    .port_info 14 /OUTPUT 1 "Branch_o"
    .port_info 15 /OUTPUT 1 "MemRead_o"
    .port_info 16 /OUTPUT 1 "MemtoReg_o"
    .port_info 17 /OUTPUT 1 "MemWrite_o"
    .port_info 18 /OUTPUT 1 "RegWrite_o"
    .port_info 19 /NODIR 0 ""
v0x56062b0293d0_0 .net "ALUResult_i", 31 0, L_0x56062b053880;  alias, 1 drivers
v0x56062b0294b0_0 .net "ALUResult_o", 31 0, o0x7f00404ed7d8;  alias, 0 drivers
v0x56062b029580_0 .net "Branch_i", 0 0, o0x7f00404ed988;  alias, 0 drivers
v0x56062b029650_0 .net "Branch_o", 0 0, o0x7f00404ec638;  alias, 0 drivers
v0x56062b029720_0 .net "MemRead_i", 0 0, o0x7f00404ed9b8;  alias, 0 drivers
v0x56062b0297c0_0 .net "MemRead_o", 0 0, o0x7f00404ed9e8;  alias, 0 drivers
v0x56062b029860_0 .net "MemWrite_i", 0 0, o0x7f00404eda18;  alias, 0 drivers
v0x56062b029920_0 .net "MemWrite_o", 0 0, o0x7f00404ed778;  alias, 0 drivers
v0x56062b0299c0_0 .net "MemtoReg_i", 0 0, o0x7f00404eda48;  alias, 0 drivers
v0x56062b029a60_0 .net "MemtoReg_o", 0 0, o0x7f00404eda78;  alias, 0 drivers
v0x56062b029b20_0 .net "RS2data_i", 31 0, o0x7f00404edaa8;  alias, 0 drivers
v0x56062b029c00_0 .net "RS2data_o", 31 0, o0x7f00404ed838;  alias, 0 drivers
v0x56062b029cf0_0 .net "RegWrite_i", 0 0, o0x7f00404edad8;  alias, 0 drivers
v0x56062b029d90_0 .net "RegWrite_o", 0 0, o0x7f00404edb08;  alias, 0 drivers
v0x56062b029e50_0 .net "Zero_i", 0 0, L_0x56062b0526e0;  alias, 1 drivers
v0x56062b029f20_0 .net "Zero_o", 0 0, o0x7f00404ec698;  alias, 0 drivers
v0x56062b029ff0_0 .net "clk_i", 0 0, v0x56062b037910_0;  alias, 1 drivers
v0x56062b02a0c0_0 .net "pc_branch_i", 31 0, L_0x56062b053c80;  alias, 1 drivers
v0x56062b02a190_0 .net "pc_branch_o", 31 0, o0x7f00404edb38;  alias, 0 drivers
S_0x56062b02a510 .scope module, "ID_EX" "ID_EX" 3 174, 12 2 0, S_0x56062afd06f0;
 .timescale 0 0;
    .port_info 0 /INPUT 1 "clk_i"
    .port_info 1 /INPUT 32 "pc_i"
    .port_info 2 /INPUT 1 "Branch_i"
    .port_info 3 /INPUT 1 "MemRead_i"
    .port_info 4 /INPUT 1 "MemtoReg_i"
    .port_info 5 /INPUT 2 "ALUOp_i"
    .port_info 6 /INPUT 1 "MemWrite_i"
    .port_info 7 /INPUT 1 "ALUSrc_i"
    .port_info 8 /INPUT 1 "RegWrite_i"
    .port_info 9 /INPUT 10 "funct_i"
    .port_info 10 /INPUT 32 "RS1data_i"
    .port_info 11 /INPUT 32 "RS2data_i"
    .port_info 12 /INPUT 32 "imm_i"
    .port_info 13 /OUTPUT 32 "pc_o"
    .port_info 14 /OUTPUT 1 "Branch_o"
    .port_info 15 /OUTPUT 1 "MemRead_o"
    .port_info 16 /OUTPUT 1 "MemtoReg_o"
    .port_info 17 /OUTPUT 2 "ALUOp_o"
    .port_info 18 /OUTPUT 1 "MemWrite_o"
    .port_info 19 /OUTPUT 1 "ALUSrc_o"
    .port_info 20 /OUTPUT 1 "RegWrite_o"
    .port_info 21 /OUTPUT 10 "funct_o"
    .port_info 22 /OUTPUT 32 "RS1data_o"
    .port_info 23 /OUTPUT 32 "RS2data_o"
    .port_info 24 /OUTPUT 32 "imm_o"
    .port_info 25 /NODIR 0 ""
v0x56062b029330_0 .net "ALUOp_i", 1 0, L_0x56062b04a160;  alias, 1 drivers
v0x56062b02aa50_0 .net "ALUOp_o", 1 0, o0x7f00404eb678;  alias, 0 drivers
v0x56062b02ab20_0 .net "ALUSrc_i", 0 0, L_0x56062b04b830;  alias, 1 drivers
v0x56062b02ac20_0 .net "ALUSrc_o", 0 0, o0x7f00404edef8;  alias, 0 drivers
v0x56062b02acc0_0 .net "Branch_i", 0 0, L_0x56062b049520;  alias, 1 drivers
v0x56062b02adb0_0 .net "Branch_o", 0 0, o0x7f00404ed988;  alias, 0 drivers
v0x56062b02ae80_0 .net "MemRead_i", 0 0, L_0x56062b0498d0;  alias, 1 drivers
v0x56062b02af50_0 .net "MemRead_o", 0 0, o0x7f00404ed9b8;  alias, 0 drivers
v0x56062b02b020_0 .net "MemWrite_i", 0 0, L_0x56062b04a770;  alias, 1 drivers
v0x56062b02b0f0_0 .net "MemWrite_o", 0 0, o0x7f00404eda18;  alias, 0 drivers
v0x56062b02b1c0_0 .net "MemtoReg_i", 0 0, L_0x56062b049c00;  alias, 1 drivers
v0x56062b02b290_0 .net "MemtoReg_o", 0 0, o0x7f00404eda48;  alias, 0 drivers
v0x56062b02b360_0 .net "RS1data_i", 31 0, L_0x56062b04cd20;  alias, 1 drivers
v0x56062b02b400_0 .net "RS1data_o", 31 0, o0x7f00404eb4f8;  alias, 0 drivers
v0x56062b02b4d0_0 .net "RS2data_i", 31 0, L_0x56062b04d490;  alias, 1 drivers
v0x56062b02b570_0 .net "RS2data_o", 31 0, o0x7f00404edaa8;  alias, 0 drivers
v0x56062b02b640_0 .net "RegWrite_i", 0 0, L_0x56062b04c620;  alias, 1 drivers
v0x56062b02b820_0 .net "RegWrite_o", 0 0, o0x7f00404edad8;  alias, 0 drivers
v0x56062b02b8f0_0 .net "clk_i", 0 0, v0x56062b037910_0;  alias, 1 drivers
v0x56062b02b990_0 .net "funct_i", 9 0, L_0x56062b038500;  alias, 1 drivers
v0x56062b02ba30_0 .net "funct_o", 9 0, o0x7f00404ec038;  alias, 0 drivers
v0x56062b02bad0_0 .net "imm_i", 31 0, L_0x56062b04f590;  alias, 1 drivers
v0x56062b02bb70_0 .net "imm_o", 31 0, o0x7f00404edfe8;  alias, 0 drivers
v0x56062b02bc10_0 .net "pc_i", 31 0, o0x7f00404ee018;  alias, 0 drivers
v0x56062b02bcb0_0 .net "pc_o", 31 0, o0x7f00404ec518;  alias, 0 drivers
S_0x56062b02c170 .scope module, "IF_ID" "IF_ID" 3 139, 13 2 0, S_0x56062afd06f0;
 .timescale 0 0;
    .port_info 0 /INPUT 1 "clk_i"
    .port_info 1 /INPUT 32 "pc_i"
    .port_info 2 /INPUT 32 "instr_i"
    .port_info 3 /OUTPUT 32 "pc_o"
    .port_info 4 /OUTPUT 32 "instr_o"
v0x56062b02c3f0_0 .net "clk_i", 0 0, v0x56062b037910_0;  alias, 1 drivers
v0x56062b02c4b0_0 .net "instr_i", 31 0, L_0x56062afda2c0;  alias, 1 drivers
v0x56062b02c590_0 .net "instr_o", 31 0, o0x7f00404ee528;  alias, 0 drivers
v0x56062b02c680_0 .net "pc_i", 31 0, v0x56062b030000_0;  alias, 1 drivers
v0x56062b02c770_0 .net "pc_o", 31 0, o0x7f00404ee018;  alias, 0 drivers
S_0x56062b02c910 .scope module, "Imm_Gen" "Imm_Gen" 3 169, 14 2 0, S_0x56062afd06f0;
 .timescale 0 0;
    .port_info 0 /INPUT 32 "data_i"
    .port_info 1 /OUTPUT 32 "data_o"
v0x56062b02cb00_0 .net "Op", 6 0, L_0x56062b04d6d0;  1 drivers
v0x56062b02cc00_0 .net *"_s10", 0 0, L_0x56062b04d860;  1 drivers
v0x56062b02ccc0_0 .net *"_s13", 11 0, L_0x56062b04d950;  1 drivers
L_0x7f00404a2eb8 .functor BUFT 1, C4<0000011>, C4<0>, C4<0>, C4<0>;
v0x56062b02cd80_0 .net/2u *"_s14", 6 0, L_0x7f00404a2eb8;  1 drivers
v0x56062b02ce60_0 .net *"_s16", 0 0, L_0x56062b04d9f0;  1 drivers
v0x56062b02cf70_0 .net *"_s19", 11 0, L_0x56062b04db20;  1 drivers
L_0x7f00404a2de0 .functor BUFT 1, C4<0110011>, C4<0>, C4<0>, C4<0>;
v0x56062b02d050_0 .net/2u *"_s2", 6 0, L_0x7f00404a2de0;  1 drivers
L_0x7f00404a2f00 .functor BUFT 1, C4<0100011>, C4<0>, C4<0>, C4<0>;
v0x56062b02d130_0 .net/2u *"_s20", 6 0, L_0x7f00404a2f00;  1 drivers
v0x56062b02d210_0 .net *"_s22", 0 0, L_0x56062b04dc00;  1 drivers
v0x56062b02d2d0_0 .net *"_s25", 6 0, L_0x56062b04dcf0;  1 drivers
v0x56062b02d3b0_0 .net *"_s27", 4 0, L_0x56062b04dde0;  1 drivers
v0x56062b02d490_0 .net *"_s28", 11 0, L_0x56062b04de80;  1 drivers
L_0x7f00404a2f48 .functor BUFT 1, C4<1100011>, C4<0>, C4<0>, C4<0>;
v0x56062b02d570_0 .net/2u *"_s30", 6 0, L_0x7f00404a2f48;  1 drivers
v0x56062b02d650_0 .net *"_s32", 0 0, L_0x56062b04e020;  1 drivers
v0x56062b02d710_0 .net *"_s35", 0 0, L_0x56062b04e0c0;  1 drivers
v0x56062b02d7f0_0 .net *"_s37", 0 0, L_0x56062b04e1d0;  1 drivers
v0x56062b02d8d0_0 .net *"_s39", 5 0, L_0x56062b04e270;  1 drivers
v0x56062b02dac0_0 .net *"_s4", 0 0, L_0x56062b04d770;  1 drivers
v0x56062b02db80_0 .net *"_s41", 3 0, L_0x56062b04e5a0;  1 drivers
v0x56062b02dc60_0 .net *"_s42", 11 0, L_0x56062b04e640;  1 drivers
o0x7f00404eea08 .functor BUFZ 12, C4<zzzzzzzzzzzz>; HiZ drive
; Elide local net with no drivers, v0x56062b02dd40_0 name=_s44
v0x56062b02de20_0 .net *"_s46", 11 0, L_0x56062b04e8b0;  1 drivers
v0x56062b02df00_0 .net *"_s48", 11 0, L_0x56062b04e9f0;  1 drivers
v0x56062b02dfe0_0 .net *"_s50", 11 0, L_0x56062b04ec20;  1 drivers
v0x56062b02e0c0_0 .net *"_s52", 11 0, L_0x56062b04edb0;  1 drivers
v0x56062b02e1a0_0 .net *"_s57", 0 0, L_0x56062b04f0e0;  1 drivers
v0x56062b02e280_0 .net *"_s58", 19 0, L_0x56062b04f290;  1 drivers
L_0x7f00404a2e28 .functor BUFT 1, C4<xxxxxxxxxxxx>, C4<0>, C4<0>, C4<0>;
v0x56062b02e360_0 .net *"_s6", 11 0, L_0x7f00404a2e28;  1 drivers
L_0x7f00404a2e70 .functor BUFT 1, C4<0010011>, C4<0>, C4<0>, C4<0>;
v0x56062b02e440_0 .net/2u *"_s8", 6 0, L_0x7f00404a2e70;  1 drivers
v0x56062b02e520_0 .net "data_i", 31 0, o0x7f00404ee528;  alias, 0 drivers
v0x56062b02e5e0_0 .net "data_o", 31 0, L_0x56062b04f590;  alias, 1 drivers
v0x56062b02e6b0_0 .net "imm", 11 0, L_0x56062b04ea90;  1 drivers
L_0x56062b04d6d0 .part o0x7f00404ee528, 0, 7;
L_0x56062b04d770 .cmp/eq 7, L_0x56062b04d6d0, L_0x7f00404a2de0;
L_0x56062b04d860 .cmp/eq 7, L_0x56062b04d6d0, L_0x7f00404a2e70;
L_0x56062b04d950 .part o0x7f00404ee528, 20, 12;
L_0x56062b04d9f0 .cmp/eq 7, L_0x56062b04d6d0, L_0x7f00404a2eb8;
L_0x56062b04db20 .part o0x7f00404ee528, 20, 12;
L_0x56062b04dc00 .cmp/eq 7, L_0x56062b04d6d0, L_0x7f00404a2f00;
L_0x56062b04dcf0 .part o0x7f00404ee528, 25, 7;
L_0x56062b04dde0 .part o0x7f00404ee528, 7, 5;
L_0x56062b04de80 .concat [ 5 7 0 0], L_0x56062b04dde0, L_0x56062b04dcf0;
L_0x56062b04e020 .cmp/eq 7, L_0x56062b04d6d0, L_0x7f00404a2f48;
L_0x56062b04e0c0 .part o0x7f00404ee528, 31, 1;
L_0x56062b04e1d0 .part o0x7f00404ee528, 7, 1;
L_0x56062b04e270 .part o0x7f00404ee528, 25, 6;
L_0x56062b04e5a0 .part o0x7f00404ee528, 8, 4;
L_0x56062b04e640 .concat [ 4 6 1 1], L_0x56062b04e5a0, L_0x56062b04e270, L_0x56062b04e1d0, L_0x56062b04e0c0;
L_0x56062b04e8b0 .functor MUXZ 12, o0x7f00404eea08, L_0x56062b04e640, L_0x56062b04e020, C4<>;
L_0x56062b04e9f0 .functor MUXZ 12, L_0x56062b04e8b0, L_0x56062b04de80, L_0x56062b04dc00, C4<>;
L_0x56062b04ec20 .functor MUXZ 12, L_0x56062b04e9f0, L_0x56062b04db20, L_0x56062b04d9f0, C4<>;
L_0x56062b04edb0 .functor MUXZ 12, L_0x56062b04ec20, L_0x56062b04d950, L_0x56062b04d860, C4<>;
L_0x56062b04ea90 .functor MUXZ 12, L_0x56062b04edb0, L_0x7f00404a2e28, L_0x56062b04d770, C4<>;
L_0x56062b04f0e0 .part L_0x56062b04ea90, 11, 1;
LS_0x56062b04f290_0_0 .concat [ 1 1 1 1], L_0x56062b04f0e0, L_0x56062b04f0e0, L_0x56062b04f0e0, L_0x56062b04f0e0;
LS_0x56062b04f290_0_4 .concat [ 1 1 1 1], L_0x56062b04f0e0, L_0x56062b04f0e0, L_0x56062b04f0e0, L_0x56062b04f0e0;
LS_0x56062b04f290_0_8 .concat [ 1 1 1 1], L_0x56062b04f0e0, L_0x56062b04f0e0, L_0x56062b04f0e0, L_0x56062b04f0e0;
LS_0x56062b04f290_0_12 .concat [ 1 1 1 1], L_0x56062b04f0e0, L_0x56062b04f0e0, L_0x56062b04f0e0, L_0x56062b04f0e0;
LS_0x56062b04f290_0_16 .concat [ 1 1 1 1], L_0x56062b04f0e0, L_0x56062b04f0e0, L_0x56062b04f0e0, L_0x56062b04f0e0;
LS_0x56062b04f290_1_0 .concat [ 4 4 4 4], LS_0x56062b04f290_0_0, LS_0x56062b04f290_0_4, LS_0x56062b04f290_0_8, LS_0x56062b04f290_0_12;
LS_0x56062b04f290_1_4 .concat [ 4 0 0 0], LS_0x56062b04f290_0_16;
L_0x56062b04f290 .concat [ 16 4 0 0], LS_0x56062b04f290_1_0, LS_0x56062b04f290_1_4;
L_0x56062b04f590 .concat [ 12 20 0 0], L_0x56062b04ea90, L_0x56062b04f290;
S_0x56062b02e7d0 .scope module, "Instruction_Memory" "Instruction_Memory" 3 134, 15 1 0, S_0x56062afd06f0;
 .timescale 0 0;
    .port_info 0 /INPUT 32 "addr_i"
    .port_info 1 /OUTPUT 32 "instr_o"
L_0x56062afda2c0 .functor BUFZ 32, L_0x56062b048f90, C4<00000000000000000000000000000000>, C4<00000000000000000000000000000000>, C4<00000000000000000000000000000000>;
v0x56062b02e950_0 .net *"_s0", 31 0, L_0x56062b048f90;  1 drivers
v0x56062b02ea50_0 .net *"_s2", 31 0, L_0x56062b0490d0;  1 drivers
v0x56062b02eb30_0 .net *"_s4", 29 0, L_0x56062b049030;  1 drivers
L_0x7f00404a2210 .functor BUFT 1, C4<00>, C4<0>, C4<0>, C4<0>;
v0x56062b02ec20_0 .net *"_s6", 1 0, L_0x7f00404a2210;  1 drivers
v0x56062b02ed00_0 .net "addr_i", 31 0, v0x56062b030000_0;  alias, 1 drivers
v0x56062b02ee60_0 .net "instr_o", 31 0, L_0x56062afda2c0;  alias, 1 drivers
v0x56062b02ef20 .array "memory", 255 0, 31 0;
L_0x56062b048f90 .array/port v0x56062b02ef20, L_0x56062b0490d0;
L_0x56062b049030 .part v0x56062b030000_0, 2, 30;
L_0x56062b0490d0 .concat [ 30 2 0 0], L_0x56062b049030, L_0x7f00404a2210;
S_0x56062b02f020 .scope module, "MEM_WB" "MEM_WB" 3 275, 16 2 0, S_0x56062afd06f0;
 .timescale 0 0;
    .port_info 0 /INPUT 1 "clk_i"
    .port_info 1 /INPUT 1 "RegWrite_i"
    .port_info 2 /INPUT 32 "Memdata_i"
    .port_info 3 /INPUT 32 "ALUResult_i"
    .port_info 4 /INPUT 1 "MemtoReg_i"
    .port_info 5 /OUTPUT 1 "RegWrite_o"
    .port_info 6 /OUTPUT 32 "Memdata_o"
    .port_info 7 /OUTPUT 32 "ALUResult_o"
    .port_info 8 /OUTPUT 1 "MemtoReg_o"
    .port_info 9 /NODIR 0 ""
v0x56062b02f340_0 .net "ALUResult_i", 31 0, o0x7f00404ed7d8;  alias, 0 drivers
v0x56062b02f450_0 .net "ALUResult_o", 31 0, o0x7f00404ec278;  alias, 0 drivers
v0x56062b02f510_0 .net "Memdata_i", 31 0, L_0x56062b053dc0;  alias, 1 drivers
v0x56062b02f5e0_0 .net "Memdata_o", 31 0, o0x7f00404ec2a8;  alias, 0 drivers
v0x56062b02f6b0_0 .net "MemtoReg_i", 0 0, o0x7f00404eda78;  alias, 0 drivers
v0x56062b02f7a0_0 .net "MemtoReg_o", 0 0, o0x7f00404eed68;  alias, 0 drivers
v0x56062b02f840_0 .net "RegWrite_i", 0 0, o0x7f00404edb08;  alias, 0 drivers
v0x56062b02f910_0 .net "RegWrite_o", 0 0, o0x7f00404eed98;  alias, 0 drivers
v0x56062b02f9b0_0 .net "clk_i", 0 0, v0x56062b037910_0;  alias, 1 drivers
S_0x56062b02fb30 .scope module, "PC" "PC" 3 112, 17 1 0, S_0x56062afd06f0;
 .timescale 0 0;
    .port_info 0 /INPUT 1 "clk_i"
    .port_info 1 /INPUT 1 "rst_i"
    .port_info 2 /INPUT 1 "start_i"
    .port_info 3 /INPUT 1 "PCWrite_i"
    .port_info 4 /INPUT 32 "pc_i"
    .port_info 5 /OUTPUT 32 "pc_o"
v0x56062b02fd90_0 .net "PCWrite_i", 0 0, L_0x7f00404a2018;  alias, 1 drivers
v0x56062b02fe70_0 .net "clk_i", 0 0, v0x56062b037910_0;  alias, 1 drivers
v0x56062b02ff30_0 .net "pc_i", 31 0, L_0x56062b048d80;  alias, 1 drivers
v0x56062b030000_0 .var "pc_o", 31 0;
v0x56062b0300c0_0 .net "rst_i", 0 0, v0x56062b0379b0_0;  alias, 1 drivers
v0x56062b030180_0 .net "start_i", 0 0, v0x56062b0379b0_0;  alias, 1 drivers
E_0x56062b007f00/0 .event negedge, v0x56062b0300c0_0;
E_0x56062b007f00/1 .event posedge, v0x56062b028d30_0;
E_0x56062b007f00 .event/or E_0x56062b007f00/0, E_0x56062b007f00/1;
S_0x56062b030300 .scope module, "PC_MUX32" "MUX32" 3 127, 6 2 0, S_0x56062afd06f0;
 .timescale 0 0;
    .port_info 0 /INPUT 32 "data1_i"
    .port_info 1 /INPUT 32 "data2_i"
    .port_info 2 /INPUT 1 "select_i"
    .port_info 3 /OUTPUT 32 "data_o"
v0x56062b030500_0 .net *"_s0", 31 0, L_0x56062b0487e0;  1 drivers
L_0x7f00404a2138 .functor BUFT 1, C4<0000000000000000000000000000000>, C4<0>, C4<0>, C4<0>;
v0x56062b030600_0 .net *"_s11", 30 0, L_0x7f00404a2138;  1 drivers
L_0x7f00404a2180 .functor BUFT 1, C4<00000000000000000000000000000001>, C4<0>, C4<0>, C4<0>;
v0x56062b0306e0_0 .net/2u *"_s12", 31 0, L_0x7f00404a2180;  1 drivers
v0x56062b0307d0_0 .net *"_s14", 0 0, L_0x56062b048b00;  1 drivers
L_0x7f00404a21c8 .functor BUFT 1, C4<00000000000000000000000000000000>, C4<0>, C4<0>, C4<0>;
v0x56062b030890_0 .net/2u *"_s16", 31 0, L_0x7f00404a21c8;  1 drivers
v0x56062b0309c0_0 .net *"_s18", 31 0, L_0x56062b048c40;  1 drivers
L_0x7f00404a20a8 .functor BUFT 1, C4<0000000000000000000000000000000>, C4<0>, C4<0>, C4<0>;
v0x56062b030aa0_0 .net *"_s3", 30 0, L_0x7f00404a20a8;  1 drivers
L_0x7f00404a20f0 .functor BUFT 1, C4<00000000000000000000000000000000>, C4<0>, C4<0>, C4<0>;
v0x56062b030b80_0 .net/2u *"_s4", 31 0, L_0x7f00404a20f0;  1 drivers
v0x56062b030c60_0 .net *"_s6", 0 0, L_0x56062b0488d0;  1 drivers
v0x56062b030d20_0 .net *"_s8", 31 0, L_0x56062b048a10;  1 drivers
v0x56062b030e00_0 .net "data1_i", 31 0, L_0x56062b0386e0;  alias, 1 drivers
v0x56062b030ec0_0 .net "data2_i", 31 0, o0x7f00404edb38;  alias, 0 drivers
v0x56062b030f90_0 .net "data_o", 31 0, L_0x56062b048d80;  alias, 1 drivers
v0x56062b031060_0 .net "select_i", 0 0, L_0x56062b054220;  alias, 1 drivers
L_0x56062b0487e0 .concat [ 1 31 0 0], L_0x56062b054220, L_0x7f00404a20a8;
L_0x56062b0488d0 .cmp/eq 32, L_0x56062b0487e0, L_0x7f00404a20f0;
L_0x56062b048a10 .concat [ 1 31 0 0], L_0x56062b054220, L_0x7f00404a2138;
L_0x56062b048b00 .cmp/eq 32, L_0x56062b048a10, L_0x7f00404a2180;
L_0x56062b048c40 .functor MUXZ 32, L_0x7f00404a21c8, o0x7f00404edb38, L_0x56062b048b00, C4<>;
L_0x56062b048d80 .functor MUXZ 32, L_0x56062b048c40, L_0x56062b0386e0, L_0x56062b0488d0, C4<>;
S_0x56062b0311a0 .scope module, "RS2_IMM_MUX32" "MUX32" 3 204, 6 2 0, S_0x56062afd06f0;
 .timescale 0 0;
    .port_info 0 /INPUT 32 "data1_i"
    .port_info 1 /INPUT 32 "data2_i"
    .port_info 2 /INPUT 1 "select_i"
    .port_info 3 /OUTPUT 32 "data_o"
L_0x7f00404a3ad0 .functor BUFT 1, C4<0000000000000000000000000000000z>, C4<0>, C4<0>, C4<0>;
v0x56062b031430_0 .net *"_s0", 31 0, L_0x7f00404a3ad0;  1 drivers
L_0x7f00404a2fd8 .functor BUFT 1, C4<00000000000000000000000000000001>, C4<0>, C4<0>, C4<0>;
v0x56062b031530_0 .net/2u *"_s12", 31 0, L_0x7f00404a2fd8;  1 drivers
v0x56062b031610_0 .net *"_s14", 0 0, L_0x56062b04f7f0;  1 drivers
L_0x7f00404a3020 .functor BUFT 1, C4<00000000000000000000000000000000>, C4<0>, C4<0>, C4<0>;
v0x56062b0316e0_0 .net/2u *"_s16", 31 0, L_0x7f00404a3020;  1 drivers
v0x56062b0317c0_0 .net *"_s18", 31 0, L_0x56062b04f8e0;  1 drivers
L_0x7f00404a2f90 .functor BUFT 1, C4<00000000000000000000000000000000>, C4<0>, C4<0>, C4<0>;
v0x56062b0318f0_0 .net/2u *"_s4", 31 0, L_0x7f00404a2f90;  1 drivers
v0x56062b0319d0_0 .net *"_s6", 0 0, L_0x56062b04f700;  1 drivers
L_0x7f00404a3b18 .functor BUFT 1, C4<0000000000000000000000000000000z>, C4<0>, C4<0>, C4<0>;
v0x56062b031a90_0 .net *"_s8", 31 0, L_0x7f00404a3b18;  1 drivers
v0x56062b031b70_0 .net "data1_i", 31 0, o0x7f00404edaa8;  alias, 0 drivers
v0x56062b031c30_0 .net "data2_i", 31 0, o0x7f00404edfe8;  alias, 0 drivers
v0x56062b031cf0_0 .net "data_o", 31 0, L_0x56062b04fa20;  alias, 1 drivers
v0x56062b031d90_0 .net "select_i", 0 0, o0x7f00404edef8;  alias, 0 drivers
L_0x56062b04f700 .cmp/eq 32, L_0x7f00404a3ad0, L_0x7f00404a2f90;
L_0x56062b04f7f0 .cmp/eq 32, L_0x7f00404a3b18, L_0x7f00404a2fd8;
L_0x56062b04f8e0 .functor MUXZ 32, L_0x7f00404a3020, o0x7f00404edfe8, L_0x56062b04f7f0, C4<>;
L_0x56062b04fa20 .functor MUXZ 32, L_0x56062b04f8e0, o0x7f00404edaa8, L_0x56062b04f700, C4<>;
S_0x56062b031ed0 .scope module, "Registers" "Registers" 3 158, 18 1 0, S_0x56062afd06f0;
 .timescale 0 0;
    .port_info 0 /INPUT 1 "clk_i"
    .port_info 1 /INPUT 5 "RS1addr_i"
    .port_info 2 /INPUT 5 "RS2addr_i"
    .port_info 3 /INPUT 5 "RDaddr_i"
    .port_info 4 /INPUT 32 "RDdata_i"
    .port_info 5 /INPUT 1 "RegWrite_i"
    .port_info 6 /OUTPUT 32 "RS1data_o"
    .port_info 7 /OUTPUT 32 "RS2data_o"
L_0x56062b04a200 .functor AND 1, L_0x56062b04c820, o0x7f00404eed98, C4<1>, C4<1>;
L_0x56062af2e9d0 .functor AND 1, L_0x56062b04a200, L_0x56062b04c9b0, C4<1>, C4<1>;
L_0x56062affc020 .functor AND 1, L_0x56062b04cea0, o0x7f00404eed98, C4<1>, C4<1>;
L_0x56062affc090 .functor AND 1, L_0x56062affc020, L_0x56062b04d080, C4<1>, C4<1>;
v0x56062b0320f0_0 .net "RDaddr_i", 4 0, L_0x56062b038180;  alias, 1 drivers
v0x56062b0321f0_0 .net "RDdata_i", 31 0, L_0x56062b054630;  alias, 1 drivers
v0x56062b0322b0_0 .net "RS1addr_i", 4 0, L_0x56062b037ff0;  alias, 1 drivers
v0x56062b032380_0 .net "RS1data_o", 31 0, L_0x56062b04cd20;  alias, 1 drivers
v0x56062b032470_0 .net "RS2addr_i", 4 0, L_0x56062b0380e0;  alias, 1 drivers
v0x56062b032580_0 .net "RS2data_o", 31 0, L_0x56062b04d490;  alias, 1 drivers
v0x56062b032640_0 .net "RegWrite_i", 0 0, o0x7f00404eed98;  alias, 0 drivers
v0x56062b032710_0 .net *"_s0", 0 0, L_0x56062b04c820;  1 drivers
v0x56062b0327b0_0 .net *"_s10", 0 0, L_0x56062b04c9b0;  1 drivers
v0x56062b032850_0 .net *"_s12", 0 0, L_0x56062af2e9d0;  1 drivers
v0x56062b032910_0 .net *"_s14", 31 0, L_0x56062b04cb90;  1 drivers
v0x56062b0329f0_0 .net *"_s16", 6 0, L_0x56062b04cc30;  1 drivers
L_0x7f00404a2cc0 .functor BUFT 1, C4<00>, C4<0>, C4<0>, C4<0>;
v0x56062b032ad0_0 .net *"_s19", 1 0, L_0x7f00404a2cc0;  1 drivers
v0x56062b032bb0_0 .net *"_s2", 0 0, L_0x56062b04a200;  1 drivers
v0x56062b032c70_0 .net *"_s22", 0 0, L_0x56062b04cea0;  1 drivers
v0x56062b032d30_0 .net *"_s24", 0 0, L_0x56062affc020;  1 drivers
v0x56062b032df0_0 .net *"_s26", 31 0, L_0x56062b04cf90;  1 drivers
L_0x7f00404a2d08 .functor BUFT 1, C4<000000000000000000000000000>, C4<0>, C4<0>, C4<0>;
v0x56062b032fe0_0 .net *"_s29", 26 0, L_0x7f00404a2d08;  1 drivers
L_0x7f00404a2d50 .functor BUFT 1, C4<00000000000000000000000000000000>, C4<0>, C4<0>, C4<0>;
v0x56062b0330c0_0 .net/2u *"_s30", 31 0, L_0x7f00404a2d50;  1 drivers
v0x56062b0331a0_0 .net *"_s32", 0 0, L_0x56062b04d080;  1 drivers
v0x56062b033260_0 .net *"_s34", 0 0, L_0x56062affc090;  1 drivers
v0x56062b033320_0 .net *"_s36", 31 0, L_0x56062b04d260;  1 drivers
v0x56062b033400_0 .net *"_s38", 6 0, L_0x56062b04d360;  1 drivers
v0x56062b0334e0_0 .net *"_s4", 31 0, L_0x56062b04c910;  1 drivers
L_0x7f00404a2d98 .functor BUFT 1, C4<00>, C4<0>, C4<0>, C4<0>;
v0x56062b0335c0_0 .net *"_s41", 1 0, L_0x7f00404a2d98;  1 drivers
L_0x7f00404a2c30 .functor BUFT 1, C4<000000000000000000000000000>, C4<0>, C4<0>, C4<0>;
v0x56062b0336a0_0 .net *"_s7", 26 0, L_0x7f00404a2c30;  1 drivers
L_0x7f00404a2c78 .functor BUFT 1, C4<00000000000000000000000000000000>, C4<0>, C4<0>, C4<0>;
v0x56062b033780_0 .net/2u *"_s8", 31 0, L_0x7f00404a2c78;  1 drivers
v0x56062b033860_0 .net "clk_i", 0 0, v0x56062b037910_0;  alias, 1 drivers
v0x56062b033900 .array "register", 31 0, 31 0;
L_0x56062b04c820 .cmp/eq 5, L_0x56062b037ff0, L_0x56062b038180;
L_0x56062b04c910 .concat [ 5 27 0 0], L_0x56062b038180, L_0x7f00404a2c30;
L_0x56062b04c9b0 .cmp/ne 32, L_0x56062b04c910, L_0x7f00404a2c78;
L_0x56062b04cb90 .array/port v0x56062b033900, L_0x56062b04cc30;
L_0x56062b04cc30 .concat [ 5 2 0 0], L_0x56062b037ff0, L_0x7f00404a2cc0;
L_0x56062b04cd20 .functor MUXZ 32, L_0x56062b04cb90, L_0x56062b054630, L_0x56062af2e9d0, C4<>;
L_0x56062b04cea0 .cmp/eq 5, L_0x56062b0380e0, L_0x56062b038180;
L_0x56062b04cf90 .concat [ 5 27 0 0], L_0x56062b038180, L_0x7f00404a2d08;
L_0x56062b04d080 .cmp/ne 32, L_0x56062b04cf90, L_0x7f00404a2d50;
L_0x56062b04d260 .array/port v0x56062b033900, L_0x56062b04d360;
L_0x56062b04d360 .concat [ 5 2 0 0], L_0x56062b0380e0, L_0x7f00404a2d98;
L_0x56062b04d490 .functor MUXZ 32, L_0x56062b04d260, L_0x56062b054630, L_0x56062affc090, C4<>;
S_0x56062b033ac0 .scope module, "Shift" "Shift" 3 226, 19 2 0, S_0x56062afd06f0;
 .timescale 0 0;
    .port_info 0 /INPUT 32 "data_i"
    .port_info 1 /OUTPUT 32 "data_o"
v0x56062b033c60_0 .net *"_s2", 30 0, L_0x56062b053aa0;  1 drivers
L_0x7f00404a3890 .functor BUFT 1, C4<0>, C4<0>, C4<0>, C4<0>;
v0x56062b033d60_0 .net *"_s4", 0 0, L_0x7f00404a3890;  1 drivers
v0x56062b033e40_0 .net "data_i", 31 0, o0x7f00404edfe8;  alias, 0 drivers
v0x56062b033f60_0 .net "data_o", 31 0, L_0x56062b053b40;  alias, 1 drivers
L_0x56062b053aa0 .part o0x7f00404edfe8, 0, 31;
L_0x56062b053b40 .concat [ 1 31 0 0], L_0x7f00404a3890, L_0x56062b053aa0;
    .scope S_0x56062b02fb30;
T_0 ;
    %wait E_0x56062b007f00;
    %load/vec4 v0x56062b0300c0_0;
    %inv;
    %flag_set/vec4 8;
    %jmp/0xz  T_0.0, 8;
    %pushi/vec4 0, 0, 32;
    %assign/vec4 v0x56062b030000_0, 0;
    %jmp T_0.1;
T_0.0 ;
    %load/vec4 v0x56062b02fd90_0;
    %flag_set/vec4 8;
    %jmp/0xz  T_0.2, 8;
    %load/vec4 v0x56062b030180_0;
    %flag_set/vec4 8;
    %jmp/0xz  T_0.4, 8;
    %load/vec4 v0x56062b02ff30_0;
    %assign/vec4 v0x56062b030000_0, 0;
    %jmp T_0.5;
T_0.4 ;
    %load/vec4 v0x56062b030000_0;
    %assign/vec4 v0x56062b030000_0, 0;
T_0.5 ;
T_0.2 ;
T_0.1 ;
    %jmp T_0;
    .thread T_0;
    .scope S_0x56062b031ed0;
T_1 ;
    %wait E_0x56062af9f470;
    %load/vec4 v0x56062b032640_0;
    %load/vec4 v0x56062b0320f0_0;
    %pad/u 32;
    %pushi/vec4 0, 0, 32;
    %cmp/e;
    %flag_get/vec4 4;
    %inv;
    %and;
    %flag_set/vec4 8;
    %jmp/0xz  T_1.0, 8;
    %load/vec4 v0x56062b0321f0_0;
    %load/vec4 v0x56062b0320f0_0;
    %pad/u 7;
    %ix/vec4 3;
    %ix/load 4, 0, 0; Constant delay
    %assign/vec4/a/d v0x56062b033900, 0, 4;
T_1.0 ;
    %jmp T_1;
    .thread T_1;
    .scope S_0x56062b0288c0;
T_2 ;
    %wait E_0x56062af9f470;
    %load/vec4 v0x56062b028a80_0;
    %flag_set/vec4 8;
    %jmp/0xz  T_2.0, 8;
    %load/vec4 v0x56062b028df0_0;
    %ix/getv 3, v0x56062b028c40_0;
    %ix/load 4, 0, 0; Constant delay
    %assign/vec4/a/d v0x56062b029000, 0, 4;
T_2.0 ;
    %jmp T_2;
    .thread T_2;
    .scope S_0x56062afb5a30;
T_3 ;
    %delay 25, 0;
    %load/vec4 v0x56062b037910_0;
    %inv;
    %store/vec4 v0x56062b037910_0, 0, 1;
    %jmp T_3;
    .thread T_3;
    .scope S_0x56062afb5a30;
T_4 ;
    %vpi_call 2 19 "$dumpfile", "debug.vcd" {0 0 0};
    %vpi_call 2 20 "$dumpvars" {0 0 0};
    %pushi/vec4 0, 0, 32;
    %store/vec4 v0x56062b037a70_0, 0, 32;
    %pushi/vec4 0, 0, 32;
    %store/vec4 v0x56062b037e00_0, 0, 32;
    %pushi/vec4 0, 0, 32;
    %store/vec4 v0x56062b037b10_0, 0, 32;
    %pushi/vec4 0, 0, 32;
    %store/vec4 v0x56062b037bf0_0, 0, 32;
T_4.0 ;
    %load/vec4 v0x56062b037bf0_0;
    %cmpi/s 256, 0, 32;
    %jmp/0xz T_4.1, 5;
    %pushi/vec4 0, 0, 32;
    %ix/getv/s 4, v0x56062b037bf0_0;
    %store/vec4a v0x56062b02ef20, 4, 0;
    %load/vec4 v0x56062b037bf0_0;
    %addi 1, 0, 32;
    %store/vec4 v0x56062b037bf0_0, 0, 32;
    %jmp T_4.0;
T_4.1 ;
    %pushi/vec4 0, 0, 32;
    %store/vec4 v0x56062b037bf0_0, 0, 32;
T_4.2 ;
    %load/vec4 v0x56062b037bf0_0;
    %cmpi/s 32, 0, 32;
    %jmp/0xz T_4.3, 5;
    %pushi/vec4 0, 0, 32;
    %ix/getv/s 4, v0x56062b037bf0_0;
    %store/vec4a v0x56062b029000, 4, 0;
    %load/vec4 v0x56062b037bf0_0;
    %addi 1, 0, 32;
    %store/vec4 v0x56062b037bf0_0, 0, 32;
    %jmp T_4.2;
T_4.3 ;
    %pushi/vec4 0, 0, 32;
    %store/vec4 v0x56062b037bf0_0, 0, 32;
T_4.4 ;
    %load/vec4 v0x56062b037bf0_0;
    %cmpi/s 32, 0, 32;
    %jmp/0xz T_4.5, 5;
    %pushi/vec4 0, 0, 32;
    %ix/getv/s 4, v0x56062b037bf0_0;
    %store/vec4a v0x56062b033900, 4, 0;
    %load/vec4 v0x56062b037bf0_0;
    %addi 1, 0, 32;
    %store/vec4 v0x56062b037bf0_0, 0, 32;
    %jmp T_4.4;
T_4.5 ;
    %vpi_call 2 44 "$readmemb", "../testdata/test.txt", v0x56062b02ef20 {0 0 0};
    %vpi_func 2 47 "$fopen" 32, "../testdata/output.txt" {0 0 0};
    %pushi/vec4 1, 0, 32;
    %or;
    %store/vec4 v0x56062b037d20_0, 0, 32;
    %pushi/vec4 5, 0, 32;
    %ix/load 4, 0, 0;
    %flag_set/imm 4, 0;
    %store/vec4a v0x56062b029000, 4, 0;
    %pushi/vec4 1, 0, 1;
    %store/vec4 v0x56062b037910_0, 0, 1;
    %pushi/vec4 0, 0, 1;
    %store/vec4 v0x56062b0379b0_0, 0, 1;
    %delay 12, 0;
    %pushi/vec4 1, 0, 1;
    %store/vec4 v0x56062b0379b0_0, 0, 1;
    %end;
    .thread T_4;
    .scope S_0x56062afb5a30;
T_5 ;
    %wait E_0x56062af9f470;
    %load/vec4 v0x56062b037a70_0;
    %cmpi/e 30, 0, 32;
    %jmp/0xz  T_5.0, 4;
    %vpi_call 2 66 "$finish" {0 0 0};
T_5.0 ;
    %vpi_call 2 74 "$fdisplay", v0x56062b037d20_0, "cycle = %d, Start = %d, Stall = %d, Flush = %d\012PC = %d", v0x56062b037a70_0, v0x56062b0379b0_0, v0x56062b037e00_0, v0x56062b037b10_0, v0x56062b030000_0 {0 0 0};
    %vpi_call 2 77 "$fdisplay", v0x56062b037d20_0, "Registers" {0 0 0};
    %vpi_call 2 78 "$fdisplay", v0x56062b037d20_0, "x0 = %d, x8  = %d, x16 = %d, x24 = %d", &A<v0x56062b033900, 0>, &A<v0x56062b033900, 8>, &A<v0x56062b033900, 16>, &A<v0x56062b033900, 24> {0 0 0};
    %vpi_call 2 79 "$fdisplay", v0x56062b037d20_0, "x1 = %d, x9  = %d, x17 = %d, x25 = %d", &A<v0x56062b033900, 1>, &A<v0x56062b033900, 9>, &A<v0x56062b033900, 17>, &A<v0x56062b033900, 25> {0 0 0};
    %vpi_call 2 80 "$fdisplay", v0x56062b037d20_0, "x2 = %d, x10 = %d, x18 = %d, x26 = %d", &A<v0x56062b033900, 2>, &A<v0x56062b033900, 10>, &A<v0x56062b033900, 18>, &A<v0x56062b033900, 26> {0 0 0};
    %vpi_call 2 81 "$fdisplay", v0x56062b037d20_0, "x3 = %d, x11 = %d, x19 = %d, x27 = %d", &A<v0x56062b033900, 3>, &A<v0x56062b033900, 11>, &A<v0x56062b033900, 19>, &A<v0x56062b033900, 27> {0 0 0};
    %vpi_call 2 82 "$fdisplay", v0x56062b037d20_0, "x4 = %d, x12 = %d, x20 = %d, x28 = %d", &A<v0x56062b033900, 4>, &A<v0x56062b033900, 12>, &A<v0x56062b033900, 20>, &A<v0x56062b033900, 28> {0 0 0};
    %vpi_call 2 83 "$fdisplay", v0x56062b037d20_0, "x5 = %d, x13 = %d, x21 = %d, x29 = %d", &A<v0x56062b033900, 5>, &A<v0x56062b033900, 13>, &A<v0x56062b033900, 21>, &A<v0x56062b033900, 29> {0 0 0};
    %vpi_call 2 84 "$fdisplay", v0x56062b037d20_0, "x6 = %d, x14 = %d, x22 = %d, x30 = %d", &A<v0x56062b033900, 6>, &A<v0x56062b033900, 14>, &A<v0x56062b033900, 22>, &A<v0x56062b033900, 30> {0 0 0};
    %vpi_call 2 85 "$fdisplay", v0x56062b037d20_0, "x7 = %d, x15 = %d, x23 = %d, x31 = %d", &A<v0x56062b033900, 7>, &A<v0x56062b033900, 15>, &A<v0x56062b033900, 23>, &A<v0x56062b033900, 31> {0 0 0};
    %ix/load 4, 3, 0;
    %flag_set/imm 4, 0;
    %load/vec4a v0x56062b029000, 4;
    %ix/load 4, 2, 0;
    %flag_set/imm 4, 0;
    %load/vec4a v0x56062b029000, 4;
    %concat/vec4; draw_concat_vec4
    %ix/load 4, 1, 0;
    %flag_set/imm 4, 0;
    %load/vec4a v0x56062b029000, 4;
    %concat/vec4; draw_concat_vec4
    %ix/load 4, 0, 0;
    %flag_set/imm 4, 0;
    %load/vec4a v0x56062b029000, 4;
    %concat/vec4; draw_concat_vec4
    %vpi_call 2 88 "$fdisplay", v0x56062b037d20_0, "Data Memory: 0x00 = %10d", S<0,vec4,u128> {1 0 0};
    %ix/load 4, 7, 0;
    %flag_set/imm 4, 0;
    %load/vec4a v0x56062b029000, 4;
    %ix/load 4, 6, 0;
    %flag_set/imm 4, 0;
    %load/vec4a v0x56062b029000, 4;
    %concat/vec4; draw_concat_vec4
    %ix/load 4, 5, 0;
    %flag_set/imm 4, 0;
    %load/vec4a v0x56062b029000, 4;
    %concat/vec4; draw_concat_vec4
    %ix/load 4, 4, 0;
    %flag_set/imm 4, 0;
    %load/vec4a v0x56062b029000, 4;
    %concat/vec4; draw_concat_vec4
    %vpi_call 2 89 "$fdisplay", v0x56062b037d20_0, "Data Memory: 0x04 = %10d", S<0,vec4,u128> {1 0 0};
    %ix/load 4, 11, 0;
    %flag_set/imm 4, 0;
    %load/vec4a v0x56062b029000, 4;
    %ix/load 4, 10, 0;
    %flag_set/imm 4, 0;
    %load/vec4a v0x56062b029000, 4;
    %concat/vec4; draw_concat_vec4
    %ix/load 4, 9, 0;
    %flag_set/imm 4, 0;
    %load/vec4a v0x56062b029000, 4;
    %concat/vec4; draw_concat_vec4
    %ix/load 4, 8, 0;
    %flag_set/imm 4, 0;
    %load/vec4a v0x56062b029000, 4;
    %concat/vec4; draw_concat_vec4
    %vpi_call 2 90 "$fdisplay", v0x56062b037d20_0, "Data Memory: 0x08 = %10d", S<0,vec4,u128> {1 0 0};
    %ix/load 4, 15, 0;
    %flag_set/imm 4, 0;
    %load/vec4a v0x56062b029000, 4;
    %ix/load 4, 14, 0;
    %flag_set/imm 4, 0;
    %load/vec4a v0x56062b029000, 4;
    %concat/vec4; draw_concat_vec4
    %ix/load 4, 13, 0;
    %flag_set/imm 4, 0;
    %load/vec4a v0x56062b029000, 4;
    %concat/vec4; draw_concat_vec4
    %ix/load 4, 12, 0;
    %flag_set/imm 4, 0;
    %load/vec4a v0x56062b029000, 4;
    %concat/vec4; draw_concat_vec4
    %vpi_call 2 91 "$fdisplay", v0x56062b037d20_0, "Data Memory: 0x0c = %10d", S<0,vec4,u128> {1 0 0};
    %ix/load 4, 19, 0;
    %flag_set/imm 4, 0;
    %load/vec4a v0x56062b029000, 4;
    %ix/load 4, 18, 0;
    %flag_set/imm 4, 0;
    %load/vec4a v0x56062b029000, 4;
    %concat/vec4; draw_concat_vec4
    %ix/load 4, 17, 0;
    %flag_set/imm 4, 0;
    %load/vec4a v0x56062b029000, 4;
    %concat/vec4; draw_concat_vec4
    %ix/load 4, 16, 0;
    %flag_set/imm 4, 0;
    %load/vec4a v0x56062b029000, 4;
    %concat/vec4; draw_concat_vec4
    %vpi_call 2 92 "$fdisplay", v0x56062b037d20_0, "Data Memory: 0x10 = %10d", S<0,vec4,u128> {1 0 0};
    %ix/load 4, 23, 0;
    %flag_set/imm 4, 0;
    %load/vec4a v0x56062b029000, 4;
    %ix/load 4, 22, 0;
    %flag_set/imm 4, 0;
    %load/vec4a v0x56062b029000, 4;
    %concat/vec4; draw_concat_vec4
    %ix/load 4, 21, 0;
    %flag_set/imm 4, 0;
    %load/vec4a v0x56062b029000, 4;
    %concat/vec4; draw_concat_vec4
    %ix/load 4, 20, 0;
    %flag_set/imm 4, 0;
    %load/vec4a v0x56062b029000, 4;
    %concat/vec4; draw_concat_vec4
    %vpi_call 2 93 "$fdisplay", v0x56062b037d20_0, "Data Memory: 0x14 = %10d", S<0,vec4,u128> {1 0 0};
    %ix/load 4, 27, 0;
    %flag_set/imm 4, 0;
    %load/vec4a v0x56062b029000, 4;
    %ix/load 4, 26, 0;
    %flag_set/imm 4, 0;
    %load/vec4a v0x56062b029000, 4;
    %concat/vec4; draw_concat_vec4
    %ix/load 4, 25, 0;
    %flag_set/imm 4, 0;
    %load/vec4a v0x56062b029000, 4;
    %concat/vec4; draw_concat_vec4
    %ix/load 4, 24, 0;
    %flag_set/imm 4, 0;
    %load/vec4a v0x56062b029000, 4;
    %concat/vec4; draw_concat_vec4
    %vpi_call 2 94 "$fdisplay", v0x56062b037d20_0, "Data Memory: 0x18 = %10d", S<0,vec4,u128> {1 0 0};
    %ix/load 4, 31, 0;
    %flag_set/imm 4, 0;
    %load/vec4a v0x56062b029000, 4;
    %ix/load 4, 30, 0;
    %flag_set/imm 4, 0;
    %load/vec4a v0x56062b029000, 4;
    %concat/vec4; draw_concat_vec4
    %ix/load 4, 29, 0;
    %flag_set/imm 4, 0;
    %load/vec4a v0x56062b029000, 4;
    %concat/vec4; draw_concat_vec4
    %ix/load 4, 28, 0;
    %flag_set/imm 4, 0;
    %load/vec4a v0x56062b029000, 4;
    %concat/vec4; draw_concat_vec4
    %vpi_call 2 95 "$fdisplay", v0x56062b037d20_0, "Data Memory: 0x1c = %10d", S<0,vec4,u128> {1 0 0};
    %vpi_call 2 97 "$fdisplay", v0x56062b037d20_0, "\012" {0 0 0};
    %load/vec4 v0x56062b037a70_0;
    %addi 1, 0, 32;
    %store/vec4 v0x56062b037a70_0, 0, 32;
    %jmp T_5;
    .thread T_5;
# The file index is used to find the file name in the following table.
:file_names 20;
    "N/A";
    "<interactive>";
    "testbench.v";
    "CPU.v";
    "ALU.v";
    "ALU_Control.v";
    "MUX32.v";
    "Adder.v";
    "Branch_Gate.v";
    "Control.v";
    "Data_Memory.v";
    "EX_MEM.v";
    "ID_EX.v";
    "IF_ID.v";
    "Imm_Gen.v";
    "Instruction_Memory.v";
    "MEM_WB.v";
    "PC.v";
    "Registers.v";
    "Shift.v";
